{"/home/travis/build/npmtest/node-npmtest-fs-utils/test.js":{"path":"/home/travis/build/npmtest/node-npmtest-fs-utils/test.js","s":{"1":2,"2":2,"3":2,"4":2,"5":2,"6":2,"7":2,"8":1,"9":2,"10":2,"11":1,"12":1,"13":1,"14":1,"15":2,"16":2,"17":2,"18":2,"19":1,"20":1,"21":2,"22":2,"23":2,"24":1,"25":1,"26":1,"27":1,"28":1,"29":1,"30":1,"31":1,"32":1,"33":1,"34":1,"35":1,"36":1,"37":2,"38":2,"39":1,"40":2,"41":2,"42":1,"43":2,"44":2,"45":1,"46":2,"47":2,"48":1,"49":1,"50":1,"51":1,"52":1},"b":{"1":[2,1,1,1],"2":[1,1,1,1],"3":[1,1],"4":[1,1],"5":[1,1],"6":[1,1],"7":[1,1],"8":[1,1],"9":[1,1,1],"10":[1,1],"11":[1,1],"12":[1,1],"13":[1,1],"14":[1,1],"15":[1,1],"16":[1,1]},"f":{"1":2,"2":2,"3":2,"4":2,"5":2,"6":1,"7":1,"8":2,"9":2,"10":2,"11":2,"12":1},"fnMap":{"1":{"name":"(anonymous_1)","line":12,"loc":{"start":{"line":12,"column":1},"end":{"line":12,"column":13}}},"2":{"name":"(anonymous_2)","line":19,"loc":{"start":{"line":19,"column":5},"end":{"line":19,"column":17}}},"3":{"name":"(anonymous_3)","line":23,"loc":{"start":{"line":23,"column":24},"end":{"line":23,"column":36}}},"4":{"name":"(anonymous_4)","line":61,"loc":{"start":{"line":61,"column":5},"end":{"line":61,"column":17}}},"5":{"name":"(anonymous_5)","line":82,"loc":{"start":{"line":82,"column":5},"end":{"line":82,"column":17}}},"6":{"name":"(anonymous_6)","line":102,"loc":{"start":{"line":102,"column":83},"end":{"line":105,"column":10}},"skip":true},"7":{"name":"(anonymous_7)","line":113,"loc":{"start":{"line":113,"column":77},"end":{"line":116,"column":10}},"skip":true},"8":{"name":"(anonymous_8)","line":129,"loc":{"start":{"line":129,"column":12},"end":{"line":129,"column":40}},"skip":true},"9":{"name":"(anonymous_9)","line":137,"loc":{"start":{"line":137,"column":77},"end":{"line":140,"column":10}},"skip":true},"10":{"name":"(anonymous_10)","line":148,"loc":{"start":{"line":148,"column":83},"end":{"line":151,"column":10}},"skip":true},"11":{"name":"(anonymous_11)","line":159,"loc":{"start":{"line":159,"column":79},"end":{"line":162,"column":10}},"skip":true},"12":{"name":"(anonymous_12)","line":170,"loc":{"start":{"line":170,"column":75},"end":{"line":173,"column":10}},"skip":true}},"statementMap":{"1":{"start":{"line":12,"column":0},"end":{"line":185,"column":5}},"2":{"start":{"line":14,"column":4},"end":{"line":14,"column":14}},"3":{"start":{"line":19,"column":4},"end":{"line":56,"column":9}},"4":{"start":{"line":21,"column":8},"end":{"line":21,"column":19}},"5":{"start":{"line":23,"column":8},"end":{"line":35,"column":13}},"6":{"start":{"line":24,"column":12},"end":{"line":34,"column":13}},"7":{"start":{"line":25,"column":16},"end":{"line":28,"column":30}},"8":{"start":{"line":30,"column":16},"end":{"line":33,"column":27}},"9":{"start":{"line":37,"column":8},"end":{"line":39,"column":21}},"10":{"start":{"line":40,"column":8},"end":{"line":53,"column":9}},"11":{"start":{"line":43,"column":12},"end":{"line":46,"column":14}},"12":{"start":{"line":47,"column":12},"end":{"line":47,"column":18}},"13":{"start":{"line":50,"column":12},"end":{"line":51,"column":46}},"14":{"start":{"line":52,"column":12},"end":{"line":52,"column":18}},"15":{"start":{"line":55,"column":8},"end":{"line":55,"column":35}},"16":{"start":{"line":61,"column":4},"end":{"line":63,"column":9}},"17":{"start":{"line":62,"column":8},"end":{"line":62,"column":15}},"18":{"start":{"line":64,"column":4},"end":{"line":77,"column":5}},"19":{"start":{"line":70,"column":8},"end":{"line":70,"column":14}},"20":{"start":{"line":76,"column":8},"end":{"line":76,"column":14}},"21":{"start":{"line":82,"column":4},"end":{"line":84,"column":9}},"22":{"start":{"line":83,"column":8},"end":{"line":83,"column":15}},"23":{"start":{"line":85,"column":4},"end":{"line":184,"column":5}},"24":{"start":{"line":92,"column":8},"end":{"line":94,"column":63}},"25":{"start":{"line":95,"column":8},"end":{"line":95,"column":14}},"26":{"start":{"line":102,"column":8},"end":{"line":111,"column":10},"skip":true},"27":{"start":{"line":109,"column":12},"end":{"line":109,"column":55},"skip":true},"28":{"start":{"line":110,"column":12},"end":{"line":110,"column":48},"skip":true},"29":{"start":{"line":113,"column":8},"end":{"line":126,"column":10},"skip":true},"30":{"start":{"line":120,"column":12},"end":{"line":120,"column":76},"skip":true},"31":{"start":{"line":121,"column":12},"end":{"line":121,"column":73},"skip":true},"32":{"start":{"line":122,"column":12},"end":{"line":122,"column":74},"skip":true},"33":{"start":{"line":123,"column":12},"end":{"line":123,"column":79},"skip":true},"34":{"start":{"line":124,"column":12},"end":{"line":124,"column":25},"skip":true},"35":{"start":{"line":125,"column":12},"end":{"line":125,"column":45},"skip":true},"36":{"start":{"line":128,"column":8},"end":{"line":135,"column":14},"skip":true},"37":{"start":{"line":133,"column":16},"end":{"line":133,"column":29},"skip":true},"38":{"start":{"line":134,"column":16},"end":{"line":134,"column":55},"skip":true},"39":{"start":{"line":137,"column":8},"end":{"line":146,"column":10},"skip":true},"40":{"start":{"line":144,"column":12},"end":{"line":144,"column":25},"skip":true},"41":{"start":{"line":145,"column":12},"end":{"line":145,"column":45},"skip":true},"42":{"start":{"line":148,"column":8},"end":{"line":157,"column":10},"skip":true},"43":{"start":{"line":155,"column":12},"end":{"line":155,"column":25},"skip":true},"44":{"start":{"line":156,"column":12},"end":{"line":156,"column":48},"skip":true},"45":{"start":{"line":159,"column":8},"end":{"line":168,"column":10},"skip":true},"46":{"start":{"line":166,"column":12},"end":{"line":166,"column":25},"skip":true},"47":{"start":{"line":167,"column":12},"end":{"line":167,"column":46},"skip":true},"48":{"start":{"line":170,"column":8},"end":{"line":179,"column":10},"skip":true},"49":{"start":{"line":177,"column":12},"end":{"line":177,"column":94},"skip":true},"50":{"start":{"line":178,"column":12},"end":{"line":178,"column":48},"skip":true},"51":{"start":{"line":182,"column":8},"end":{"line":182,"column":35},"skip":true},"52":{"start":{"line":183,"column":8},"end":{"line":183,"column":14},"skip":true}},"branchMap":{"1":{"line":25,"type":"binary-expr","locations":[{"start":{"line":25,"column":23},"end":{"line":25,"column":62}},{"start":{"line":26,"column":20},"end":{"line":26,"column":70}},{"start":{"line":27,"column":20},"end":{"line":27,"column":71}},{"start":{"line":28,"column":20},"end":{"line":28,"column":29}}]},"2":{"line":30,"type":"binary-expr","locations":[{"start":{"line":30,"column":23},"end":{"line":30,"column":37}},{"start":{"line":31,"column":20},"end":{"line":31,"column":61}},{"start":{"line":32,"column":20},"end":{"line":32,"column":70}},{"start":{"line":33,"column":20},"end":{"line":33,"column":26}}]},"3":{"line":37,"type":"cond-expr","locations":[{"start":{"line":38,"column":14},"end":{"line":38,"column":20}},{"start":{"line":39,"column":14},"end":{"line":39,"column":20}}]},"4":{"line":40,"type":"switch","locations":[{"start":{"line":42,"column":8},"end":{"line":47,"column":18}},{"start":{"line":49,"column":8},"end":{"line":52,"column":18}}]},"5":{"line":44,"type":"binary-expr","locations":[{"start":{"line":44,"column":16},"end":{"line":44,"column":44}},{"start":{"line":44,"column":48},"end":{"line":44,"column":66}}]},"6":{"line":50,"type":"binary-expr","locations":[{"start":{"line":50,"column":21},"end":{"line":50,"column":49}},{"start":{"line":50,"column":53},"end":{"line":50,"column":72}}]},"7":{"line":64,"type":"switch","locations":[{"start":{"line":69,"column":4},"end":{"line":70,"column":14}},{"start":{"line":75,"column":4},"end":{"line":76,"column":14}}]},"8":{"line":85,"type":"switch","locations":[{"start":{"line":90,"column":4},"end":{"line":95,"column":14}},{"start":{"line":101,"column":4},"end":{"line":183,"column":14},"skip":true}]},"9":{"line":92,"type":"binary-expr","locations":[{"start":{"line":92,"column":18},"end":{"line":92,"column":32}},{"start":{"line":93,"column":12},"end":{"line":93,"column":53}},{"start":{"line":94,"column":12},"end":{"line":94,"column":61}}]},"10":{"line":102,"type":"binary-expr","locations":[{"start":{"line":102,"column":45},"end":{"line":102,"column":79},"skip":true},{"start":{"line":102,"column":83},"end":{"line":111,"column":9},"skip":true}]},"11":{"line":113,"type":"binary-expr","locations":[{"start":{"line":113,"column":42},"end":{"line":113,"column":73},"skip":true},{"start":{"line":113,"column":77},"end":{"line":126,"column":9},"skip":true}]},"12":{"line":128,"type":"binary-expr","locations":[{"start":{"line":128,"column":48},"end":{"line":128,"column":85},"skip":true},{"start":{"line":129,"column":12},"end":{"line":135,"column":13},"skip":true}]},"13":{"line":137,"type":"binary-expr","locations":[{"start":{"line":137,"column":42},"end":{"line":137,"column":73},"skip":true},{"start":{"line":137,"column":77},"end":{"line":146,"column":9},"skip":true}]},"14":{"line":148,"type":"binary-expr","locations":[{"start":{"line":148,"column":45},"end":{"line":148,"column":79},"skip":true},{"start":{"line":148,"column":83},"end":{"line":157,"column":9},"skip":true}]},"15":{"line":159,"type":"binary-expr","locations":[{"start":{"line":159,"column":43},"end":{"line":159,"column":75},"skip":true},{"start":{"line":159,"column":79},"end":{"line":168,"column":9},"skip":true}]},"16":{"line":170,"type":"binary-expr","locations":[{"start":{"line":170,"column":41},"end":{"line":170,"column":71},"skip":true},{"start":{"line":170,"column":75},"end":{"line":179,"column":9},"skip":true}]}},"code":["/* istanbul instrument in package npmtest_fs_utils */","/*jslint","    bitwise: true,","    browser: true,","    maxerr: 8,","    maxlen: 96,","    node: true,","    nomen: true,","    regexp: true,","    stupid: true","*/","(function () {","    'use strict';","    var local;","","","","    // run shared js-env code - pre-init","    (function () {","        // init local","        local = {};","        // init modeJs","        local.modeJs = (function () {","            try {","                return typeof navigator.userAgent === 'string' &&","                    typeof document.querySelector('body') === 'object' &&","                    typeof XMLHttpRequest.prototype.open === 'function' &&","                    'browser';","            } catch (errorCaughtBrowser) {","                return module.exports &&","                    typeof process.versions.node === 'string' &&","                    typeof require('http').createServer === 'function' &&","                    'node';","            }","        }());","        // init global","        local.global = local.modeJs === 'browser'","            ? window","            : global;","        switch (local.modeJs) {","        // re-init local from window.local","        case 'browser':","            local = local.global.utility2.objectSetDefault(","                local.global.utility2_rollup || local.global.local,","                local.global.utility2","            );","            break;","        // re-init local from example.js","        case 'node':","            local = (local.global.utility2_rollup || require('utility2'))","                .requireExampleJsFromReadme();","            break;","        }","        // export local","        local.global.local = local;","    }());","","","","    // run shared js-env code - function","    (function () {","        return;","    }());","    switch (local.modeJs) {","","","","    // run browser js-env code - function","    case 'browser':","        break;","","","","    // run node js-env code - function","    case 'node':","        break;","    }","","","","    // run shared js-env code - post-init","    (function () {","        return;","    }());","    switch (local.modeJs) {","","","","    // run browser js-env code - post-init","    case 'browser':","        // run tests","        local.nop(local.modeTest &&","            document.querySelector('#testRunButton1') &&","            document.querySelector('#testRunButton1').click());","        break;","","","","    // run node js-env code - post-init","    /* istanbul ignore next */","    case 'node':","        local.testCase_buildApidoc_default = local.testCase_buildApidoc_default || function (","            options,","            onError","        ) {","        /*","         * this function will test buildApidoc's default handling-behavior-behavior","         */","            options = { modulePathList: module.paths };","            local.buildApidoc(options, onError);","        };","","        local.testCase_buildApp_default = local.testCase_buildApp_default || function (","            options,","            onError","        ) {","        /*","         * this function will test buildApp's default handling-behavior-behavior","         */","            local.testCase_buildReadme_default(options, local.onErrorThrow);","            local.testCase_buildLib_default(options, local.onErrorThrow);","            local.testCase_buildTest_default(options, local.onErrorThrow);","            local.testCase_buildCustomOrg_default(options, local.onErrorThrow);","            options = [];","            local.buildApp(options, onError);","        };","","        local.testCase_buildCustomOrg_default = local.testCase_buildCustomOrg_default ||","            function (options, onError) {","            /*","             * this function will test buildCustomOrg's default handling-behavior","             */","                options = {};","                local.buildCustomOrg(options, onError);","            };","","        local.testCase_buildLib_default = local.testCase_buildLib_default || function (","            options,","            onError","        ) {","        /*","         * this function will test buildLib's default handling-behavior","         */","            options = {};","            local.buildLib(options, onError);","        };","","        local.testCase_buildReadme_default = local.testCase_buildReadme_default || function (","            options,","            onError","        ) {","        /*","         * this function will test buildReadme's default handling-behavior-behavior","         */","            options = {};","            local.buildReadme(options, onError);","        };","","        local.testCase_buildTest_default = local.testCase_buildTest_default || function (","            options,","            onError","        ) {","        /*","         * this function will test buildTest's default handling-behavior","         */","            options = {};","            local.buildTest(options, onError);","        };","","        local.testCase_webpage_default = local.testCase_webpage_default || function (","            options,","            onError","        ) {","        /*","         * this function will test webpage's default handling-behavior","         */","            options = { modeCoverageMerge: true, url: local.serverLocalHost + '?modeTest=1' };","            local.browserTest(options, onError);","        };","","        // run test-server","        local.testRunServer(local);","        break;","    }","}());",""],"l":{"12":2,"14":2,"19":2,"21":2,"23":2,"24":2,"25":2,"30":1,"37":2,"40":2,"43":1,"47":1,"50":1,"52":1,"55":2,"61":2,"62":2,"64":2,"70":1,"76":1,"82":2,"83":2,"85":2,"92":1,"95":1,"102":1,"109":1,"110":1,"113":1,"120":1,"121":1,"122":1,"123":1,"124":1,"125":1,"128":1,"133":2,"134":2,"137":1,"144":2,"145":2,"148":1,"155":2,"156":2,"159":1,"166":2,"167":2,"170":1,"177":1,"178":1,"182":1,"183":1}},"/home/travis/build/npmtest/node-npmtest-fs-utils/lib.npmtest_fs_utils.js":{"path":"/home/travis/build/npmtest/node-npmtest-fs-utils/lib.npmtest_fs_utils.js","s":{"1":2,"2":2,"3":2,"4":2,"5":2,"6":2,"7":2,"8":1,"9":2,"10":2,"11":2,"12":2,"13":1,"14":1,"15":1,"16":1},"b":{"1":[2,1,1,1],"2":[1,1,1,1],"3":[1,1],"4":[2,2],"5":[1,1]},"f":{"1":2,"2":2,"3":2},"fnMap":{"1":{"name":"(anonymous_1)","line":12,"loc":{"start":{"line":12,"column":1},"end":{"line":12,"column":13}}},"2":{"name":"(anonymous_2)","line":19,"loc":{"start":{"line":19,"column":5},"end":{"line":19,"column":17}}},"3":{"name":"(anonymous_3)","line":23,"loc":{"start":{"line":23,"column":24},"end":{"line":23,"column":36}}}},"statementMap":{"1":{"start":{"line":12,"column":0},"end":{"line":53,"column":5}},"2":{"start":{"line":14,"column":4},"end":{"line":14,"column":14}},"3":{"start":{"line":19,"column":4},"end":{"line":52,"column":9}},"4":{"start":{"line":21,"column":8},"end":{"line":21,"column":19}},"5":{"start":{"line":23,"column":8},"end":{"line":35,"column":13}},"6":{"start":{"line":24,"column":12},"end":{"line":34,"column":13}},"7":{"start":{"line":25,"column":16},"end":{"line":28,"column":30}},"8":{"start":{"line":30,"column":16},"end":{"line":33,"column":27}},"9":{"start":{"line":37,"column":8},"end":{"line":39,"column":21}},"10":{"start":{"line":41,"column":8},"end":{"line":41,"column":54}},"11":{"start":{"line":43,"column":8},"end":{"line":43,"column":53}},"12":{"start":{"line":45,"column":8},"end":{"line":51,"column":9}},"13":{"start":{"line":46,"column":12},"end":{"line":46,"column":59}},"14":{"start":{"line":48,"column":12},"end":{"line":48,"column":35}},"15":{"start":{"line":49,"column":12},"end":{"line":49,"column":49}},"16":{"start":{"line":50,"column":12},"end":{"line":50,"column":43}}},"branchMap":{"1":{"line":25,"type":"binary-expr","locations":[{"start":{"line":25,"column":23},"end":{"line":25,"column":62}},{"start":{"line":26,"column":20},"end":{"line":26,"column":70}},{"start":{"line":27,"column":20},"end":{"line":27,"column":71}},{"start":{"line":28,"column":20},"end":{"line":28,"column":29}}]},"2":{"line":30,"type":"binary-expr","locations":[{"start":{"line":30,"column":23},"end":{"line":30,"column":37}},{"start":{"line":31,"column":20},"end":{"line":31,"column":61}},{"start":{"line":32,"column":20},"end":{"line":32,"column":70}},{"start":{"line":33,"column":20},"end":{"line":33,"column":26}}]},"3":{"line":37,"type":"cond-expr","locations":[{"start":{"line":38,"column":14},"end":{"line":38,"column":20}},{"start":{"line":39,"column":14},"end":{"line":39,"column":20}}]},"4":{"line":41,"type":"binary-expr","locations":[{"start":{"line":41,"column":16},"end":{"line":41,"column":44}},{"start":{"line":41,"column":48},"end":{"line":41,"column":53}}]},"5":{"line":45,"type":"if","locations":[{"start":{"line":45,"column":8},"end":{"line":45,"column":8}},{"start":{"line":45,"column":8},"end":{"line":45,"column":8}}]}},"code":["/* istanbul instrument in package npmtest_fs_utils */","/*jslint","    bitwise: true,","    browser: true,","    maxerr: 8,","    maxlen: 96,","    node: true,","    nomen: true,","    regexp: true,","    stupid: true","*/","(function () {","    'use strict';","    var local;","","","","    // run shared js-env code - pre-init","    (function () {","        // init local","        local = {};","        // init modeJs","        local.modeJs = (function () {","            try {","                return typeof navigator.userAgent === 'string' &&","                    typeof document.querySelector('body') === 'object' &&","                    typeof XMLHttpRequest.prototype.open === 'function' &&","                    'browser';","            } catch (errorCaughtBrowser) {","                return module.exports &&","                    typeof process.versions.node === 'string' &&","                    typeof require('http').createServer === 'function' &&","                    'node';","            }","        }());","        // init global","        local.global = local.modeJs === 'browser'","            ? window","            : global;","        // init utility2_rollup","        local = local.global.utility2_rollup || local;","        // init lib","        local.local = local.npmtest_fs_utils = local;","        // init exports","        if (local.modeJs === 'browser') {","            local.global.utility2_npmtest_fs_utils = local;","        } else {","            module.exports = local;","            module.exports.__dirname = __dirname;","            module.exports.module = module;","        }","    }());","}());",""],"l":{"12":2,"14":2,"19":2,"21":2,"23":2,"24":2,"25":2,"30":1,"37":2,"41":2,"43":2,"45":2,"46":1,"48":1,"49":1,"50":1}},"/home/travis/build/npmtest/node-npmtest-fs-utils/example.js":{"path":"/home/travis/build/npmtest/node-npmtest-fs-utils/example.js","s":{"1":2,"2":2,"3":2,"4":2,"5":2,"6":2,"7":2,"8":1,"9":2,"10":2,"11":2,"12":2,"13":1,"14":2,"15":2,"16":2,"17":2,"18":2,"19":0,"20":2,"21":1,"22":1,"23":1,"24":1,"25":1,"26":0,"27":0,"28":1,"29":1,"30":2,"31":0,"32":0,"33":0,"34":1,"35":2,"36":2,"37":2,"38":2,"39":2,"40":2,"41":0,"42":2,"43":2,"44":2,"45":1,"46":3,"47":1,"48":1,"49":1,"50":1,"51":1,"52":1,"53":1,"54":1,"55":1,"56":1,"57":0,"58":1,"59":6,"60":6,"61":1,"62":2,"63":0,"64":2,"65":1,"66":1,"67":0,"68":0,"69":0,"70":0,"71":0,"72":0,"73":0,"74":0,"75":0,"76":0,"77":0,"78":0,"79":0,"80":0,"81":0,"82":0,"83":0},"b":{"1":[2,1,1,1],"2":[1,1,1,1],"3":[1,1],"4":[2,2],"5":[1,1],"6":[1,1],"7":[2,0],"8":[2,1,1,1,1,1],"9":[0,2,0],"10":[1,1],"11":[2,1,1],"12":[1,0],"13":[0,2],"14":[2,0,0,0,0,0,0],"15":[0,2],"16":[2,0],"17":[1,1],"18":[0,1],"19":[1,2,0,2],"20":[1,0],"21":[1,1],"22":[0,0],"23":[0,0],"24":[0,0],"25":[0,0],"26":[0,0],"27":[0,0],"28":[0,0]},"f":{"1":2,"2":2,"3":2,"4":2,"5":2,"6":2,"7":2,"8":2,"9":3,"10":1,"11":6,"12":0},"fnMap":{"1":{"name":"(anonymous_1)","line":26,"loc":{"start":{"line":26,"column":1},"end":{"line":26,"column":13}}},"2":{"name":"(anonymous_2)","line":33,"loc":{"start":{"line":33,"column":5},"end":{"line":33,"column":17}}},"3":{"name":"(anonymous_3)","line":37,"loc":{"start":{"line":37,"column":24},"end":{"line":37,"column":36}}},"4":{"name":"(anonymous_4)","line":69,"loc":{"start":{"line":69,"column":31},"end":{"line":69,"column":48}},"skip":true},"5":{"name":"(anonymous_5)","line":78,"loc":{"start":{"line":78,"column":26},"end":{"line":78,"column":45}},"skip":true},"6":{"name":"(anonymous_6)","line":123,"loc":{"start":{"line":123,"column":33},"end":{"line":123,"column":48}},"skip":true},"7":{"name":"(anonymous_7)","line":125,"loc":{"start":{"line":125,"column":27},"end":{"line":125,"column":39}},"skip":true},"8":{"name":"(anonymous_8)","line":133,"loc":{"start":{"line":133,"column":59},"end":{"line":133,"column":74}},"skip":true},"9":{"name":"(anonymous_9)","line":143,"loc":{"start":{"line":143,"column":45},"end":{"line":143,"column":62}},"skip":true},"10":{"name":"(anonymous_10)","line":144,"loc":{"start":{"line":144,"column":73},"end":{"line":144,"column":92}},"skip":true},"11":{"name":"(anonymous_11)","line":272,"loc":{"start":{"line":272,"column":51},"end":{"line":272,"column":77}},"skip":true},"12":{"name":"(anonymous_12)","line":314,"loc":{"start":{"line":314,"column":32},"end":{"line":314,"column":61}},"skip":true}},"statementMap":{"1":{"start":{"line":26,"column":0},"end":{"line":325,"column":5}},"2":{"start":{"line":28,"column":4},"end":{"line":28,"column":14}},"3":{"start":{"line":33,"column":4},"end":{"line":60,"column":9}},"4":{"start":{"line":35,"column":8},"end":{"line":35,"column":19}},"5":{"start":{"line":37,"column":8},"end":{"line":49,"column":13}},"6":{"start":{"line":38,"column":12},"end":{"line":48,"column":13}},"7":{"start":{"line":39,"column":16},"end":{"line":42,"column":30}},"8":{"start":{"line":44,"column":16},"end":{"line":47,"column":27}},"9":{"start":{"line":51,"column":8},"end":{"line":53,"column":21}},"10":{"start":{"line":55,"column":8},"end":{"line":57,"column":45}},"11":{"start":{"line":59,"column":8},"end":{"line":59,"column":35}},"12":{"start":{"line":61,"column":4},"end":{"line":324,"column":5}},"13":{"start":{"line":69,"column":8},"end":{"line":121,"column":10},"skip":true},"14":{"start":{"line":70,"column":12},"end":{"line":88,"column":13},"skip":true},"15":{"start":{"line":76,"column":16},"end":{"line":87,"column":19},"skip":true},"16":{"start":{"line":79,"column":20},"end":{"line":86,"column":21},"skip":true},"17":{"start":{"line":82,"column":24},"end":{"line":82,"column":43},"skip":true},"18":{"start":{"line":83,"column":24},"end":{"line":83,"column":30},"skip":true},"19":{"start":{"line":85,"column":24},"end":{"line":85,"column":49},"skip":true},"20":{"start":{"line":89,"column":12},"end":{"line":107,"column":13},"skip":true},"21":{"start":{"line":92,"column":16},"end":{"line":102,"column":17},"skip":true},"22":{"start":{"line":93,"column":20},"end":{"line":93,"column":86},"skip":true},"23":{"start":{"line":94,"column":20},"end":{"line":95,"column":45},"skip":true},"24":{"start":{"line":96,"column":20},"end":{"line":96,"column":42},"skip":true},"25":{"start":{"line":97,"column":20},"end":{"line":97,"column":48},"skip":true},"26":{"start":{"line":100,"column":20},"end":{"line":100,"column":85},"skip":true},"27":{"start":{"line":101,"column":20},"end":{"line":101,"column":96},"skip":true},"28":{"start":{"line":103,"column":16},"end":{"line":103,"column":22},"skip":true},"29":{"start":{"line":106,"column":16},"end":{"line":106,"column":22},"skip":true},"30":{"start":{"line":108,"column":12},"end":{"line":120,"column":13},"skip":true},"31":{"start":{"line":114,"column":16},"end":{"line":119,"column":17},"skip":true},"32":{"start":{"line":116,"column":20},"end":{"line":116,"column":78},"skip":true},"33":{"start":{"line":118,"column":20},"end":{"line":118,"column":47},"skip":true},"34":{"start":{"line":123,"column":8},"end":{"line":141,"column":11},"skip":true},"35":{"start":{"line":124,"column":12},"end":{"line":124,"column":54},"skip":true},"36":{"start":{"line":125,"column":12},"end":{"line":140,"column":14},"skip":true},"37":{"start":{"line":126,"column":16},"end":{"line":126,"column":28},"skip":true},"38":{"start":{"line":127,"column":16},"end":{"line":127,"column":69},"skip":true},"39":{"start":{"line":128,"column":16},"end":{"line":128,"column":75},"skip":true},"40":{"start":{"line":129,"column":16},"end":{"line":131,"column":17},"skip":true},"41":{"start":{"line":130,"column":20},"end":{"line":130,"column":27},"skip":true},"42":{"start":{"line":133,"column":16},"end":{"line":137,"column":36},"skip":true},"43":{"start":{"line":134,"column":20},"end":{"line":136,"column":55},"skip":true},"44":{"start":{"line":139,"column":16},"end":{"line":139,"column":57},"skip":true},"45":{"start":{"line":143,"column":8},"end":{"line":147,"column":11},"skip":true},"46":{"start":{"line":144,"column":12},"end":{"line":146,"column":15},"skip":true},"47":{"start":{"line":145,"column":16},"end":{"line":145,"column":70},"skip":true},"48":{"start":{"line":149,"column":8},"end":{"line":149,"column":31},"skip":true},"49":{"start":{"line":150,"column":8},"end":{"line":150,"column":14},"skip":true},"50":{"start":{"line":158,"column":8},"end":{"line":158,"column":31},"skip":true},"51":{"start":{"line":160,"column":8},"end":{"line":160,"column":33},"skip":true},"52":{"start":{"line":161,"column":8},"end":{"line":161,"column":37},"skip":true},"53":{"start":{"line":162,"column":8},"end":{"line":162,"column":35},"skip":true},"54":{"start":{"line":164,"column":8},"end":{"line":164,"column":50},"skip":true},"55":{"start":{"line":166,"column":8},"end":{"line":256,"column":2},"skip":true},"56":{"start":{"line":258,"column":8},"end":{"line":286,"column":9},"skip":true},"57":{"start":{"line":259,"column":12},"end":{"line":269,"column":14},"skip":true},"58":{"start":{"line":271,"column":12},"end":{"line":285,"column":19},"skip":true},"59":{"start":{"line":274,"column":20},"end":{"line":274,"column":35},"skip":true},"60":{"start":{"line":275,"column":20},"end":{"line":284,"column":21},"skip":true},"61":{"start":{"line":277,"column":24},"end":{"line":277,"column":64},"skip":true},"62":{"start":{"line":279,"column":24},"end":{"line":279,"column":40},"skip":true},"63":{"start":{"line":281,"column":24},"end":{"line":281,"column":40},"skip":true},"64":{"start":{"line":283,"column":24},"end":{"line":283,"column":39},"skip":true},"65":{"start":{"line":288,"column":8},"end":{"line":290,"column":9},"skip":true},"66":{"start":{"line":289,"column":12},"end":{"line":289,"column":18},"skip":true},"67":{"start":{"line":291,"column":8},"end":{"line":293,"column":54},"skip":true},"68":{"start":{"line":294,"column":8},"end":{"line":301,"column":37},"skip":true},"69":{"start":{"line":302,"column":8},"end":{"line":302,"column":82},"skip":true},"70":{"start":{"line":305,"column":8},"end":{"line":307,"column":9},"skip":true},"71":{"start":{"line":306,"column":12},"end":{"line":306,"column":82},"skip":true},"72":{"start":{"line":309,"column":8},"end":{"line":311,"column":9},"skip":true},"73":{"start":{"line":310,"column":12},"end":{"line":310,"column":18},"skip":true},"74":{"start":{"line":312,"column":8},"end":{"line":312,"column":54},"skip":true},"75":{"start":{"line":313,"column":8},"end":{"line":313,"column":69},"skip":true},"76":{"start":{"line":314,"column":8},"end":{"line":322,"column":36},"skip":true},"77":{"start":{"line":315,"column":12},"end":{"line":315,"column":61},"skip":true},"78":{"start":{"line":316,"column":12},"end":{"line":319,"column":13},"skip":true},"79":{"start":{"line":317,"column":16},"end":{"line":317,"column":75},"skip":true},"80":{"start":{"line":318,"column":16},"end":{"line":318,"column":23},"skip":true},"81":{"start":{"line":320,"column":12},"end":{"line":320,"column":38},"skip":true},"82":{"start":{"line":321,"column":12},"end":{"line":321,"column":27},"skip":true},"83":{"start":{"line":323,"column":8},"end":{"line":323,"column":14},"skip":true}},"branchMap":{"1":{"line":39,"type":"binary-expr","locations":[{"start":{"line":39,"column":23},"end":{"line":39,"column":62}},{"start":{"line":40,"column":20},"end":{"line":40,"column":70}},{"start":{"line":41,"column":20},"end":{"line":41,"column":71}},{"start":{"line":42,"column":20},"end":{"line":42,"column":29}}]},"2":{"line":44,"type":"binary-expr","locations":[{"start":{"line":44,"column":23},"end":{"line":44,"column":37}},{"start":{"line":45,"column":20},"end":{"line":45,"column":61}},{"start":{"line":46,"column":20},"end":{"line":46,"column":70}},{"start":{"line":47,"column":20},"end":{"line":47,"column":26}}]},"3":{"line":51,"type":"cond-expr","locations":[{"start":{"line":52,"column":14},"end":{"line":52,"column":20}},{"start":{"line":53,"column":14},"end":{"line":53,"column":20}}]},"4":{"line":55,"type":"binary-expr","locations":[{"start":{"line":55,"column":16},"end":{"line":55,"column":44}},{"start":{"line":55,"column":49},"end":{"line":57,"column":43}}]},"5":{"line":55,"type":"cond-expr","locations":[{"start":{"line":56,"column":14},"end":{"line":56,"column":52}},{"start":{"line":57,"column":14},"end":{"line":57,"column":43}}]},"6":{"line":61,"type":"switch","locations":[{"start":{"line":68,"column":4},"end":{"line":150,"column":14},"skip":true},{"start":{"line":156,"column":4},"end":{"line":323,"column":14},"skip":true}]},"7":{"line":70,"type":"if","locations":[{"start":{"line":70,"column":12},"end":{"line":70,"column":12},"skip":true},{"start":{"line":70,"column":12},"end":{"line":70,"column":12},"skip":true}]},"8":{"line":70,"type":"binary-expr","locations":[{"start":{"line":70,"column":16},"end":{"line":70,"column":22},"skip":true},{"start":{"line":70,"column":27},"end":{"line":70,"column":32},"skip":true},{"start":{"line":71,"column":20},"end":{"line":71,"column":39},"skip":true},{"start":{"line":72,"column":20},"end":{"line":72,"column":49},"skip":true},{"start":{"line":73,"column":20},"end":{"line":73,"column":58},"skip":true},{"start":{"line":74,"column":20},"end":{"line":74,"column":69},"skip":true}]},"9":{"line":79,"type":"switch","locations":[{"start":{"line":80,"column":20},"end":{"line":80,"column":33},"skip":true},{"start":{"line":81,"column":20},"end":{"line":83,"column":30},"skip":true},{"start":{"line":84,"column":20},"end":{"line":85,"column":49},"skip":true}]},"10":{"line":89,"type":"switch","locations":[{"start":{"line":90,"column":12},"end":{"line":103,"column":22},"skip":true},{"start":{"line":105,"column":12},"end":{"line":106,"column":22},"skip":true}]},"11":{"line":89,"type":"binary-expr","locations":[{"start":{"line":89,"column":20},"end":{"line":89,"column":25},"skip":true},{"start":{"line":89,"column":29},"end":{"line":89,"column":48},"skip":true},{"start":{"line":89,"column":52},"end":{"line":89,"column":74},"skip":true}]},"12":{"line":92,"type":"if","locations":[{"start":{"line":92,"column":16},"end":{"line":92,"column":16},"skip":true},{"start":{"line":92,"column":16},"end":{"line":92,"column":16},"skip":true}]},"13":{"line":108,"type":"if","locations":[{"start":{"line":108,"column":12},"end":{"line":108,"column":12},"skip":true},{"start":{"line":108,"column":12},"end":{"line":108,"column":12},"skip":true}]},"14":{"line":108,"type":"binary-expr","locations":[{"start":{"line":108,"column":16},"end":{"line":108,"column":61},"skip":true},{"start":{"line":108,"column":66},"end":{"line":108,"column":72},"skip":true},{"start":{"line":108,"column":77},"end":{"line":108,"column":82},"skip":true},{"start":{"line":109,"column":20},"end":{"line":109,"column":39},"skip":true},{"start":{"line":110,"column":20},"end":{"line":110,"column":49},"skip":true},{"start":{"line":111,"column":20},"end":{"line":111,"column":58},"skip":true},{"start":{"line":112,"column":20},"end":{"line":112,"column":68},"skip":true}]},"15":{"line":129,"type":"if","locations":[{"start":{"line":129,"column":16},"end":{"line":129,"column":16},"skip":true},{"start":{"line":129,"column":16},"end":{"line":129,"column":16},"skip":true}]},"16":{"line":134,"type":"cond-expr","locations":[{"start":{"line":135,"column":26},"end":{"line":135,"column":29},"skip":true},{"start":{"line":136,"column":26},"end":{"line":136,"column":54},"skip":true}]},"17":{"line":164,"type":"binary-expr","locations":[{"start":{"line":164,"column":27},"end":{"line":164,"column":43},"skip":true},{"start":{"line":164,"column":47},"end":{"line":164,"column":49},"skip":true}]},"18":{"line":258,"type":"if","locations":[{"start":{"line":258,"column":8},"end":{"line":258,"column":8},"skip":true},{"start":{"line":258,"column":8},"end":{"line":258,"column":8},"skip":true}]},"19":{"line":275,"type":"switch","locations":[{"start":{"line":276,"column":20},"end":{"line":277,"column":64},"skip":true},{"start":{"line":278,"column":20},"end":{"line":279,"column":40},"skip":true},{"start":{"line":280,"column":20},"end":{"line":281,"column":40},"skip":true},{"start":{"line":282,"column":20},"end":{"line":283,"column":39},"skip":true}]},"20":{"line":288,"type":"if","locations":[{"start":{"line":288,"column":8},"end":{"line":288,"column":8},"skip":true},{"start":{"line":288,"column":8},"end":{"line":288,"column":8},"skip":true}]},"21":{"line":288,"type":"binary-expr","locations":[{"start":{"line":288,"column":12},"end":{"line":288,"column":40},"skip":true},{"start":{"line":288,"column":44},"end":{"line":288,"column":67},"skip":true}]},"22":{"line":292,"type":"binary-expr","locations":[{"start":{"line":292,"column":12},"end":{"line":292,"column":50},"skip":true},{"start":{"line":293,"column":12},"end":{"line":293,"column":53},"skip":true}]},"23":{"line":295,"type":"binary-expr","locations":[{"start":{"line":295,"column":12},"end":{"line":295,"column":66},"skip":true},{"start":{"line":296,"column":12},"end":{"line":301,"column":36},"skip":true}]},"24":{"line":302,"type":"binary-expr","locations":[{"start":{"line":302,"column":43},"end":{"line":302,"column":75},"skip":true},{"start":{"line":302,"column":79},"end":{"line":302,"column":81},"skip":true}]},"25":{"line":305,"type":"if","locations":[{"start":{"line":305,"column":8},"end":{"line":305,"column":8},"skip":true},{"start":{"line":305,"column":8},"end":{"line":305,"column":8},"skip":true}]},"26":{"line":309,"type":"if","locations":[{"start":{"line":309,"column":8},"end":{"line":309,"column":8},"skip":true},{"start":{"line":309,"column":8},"end":{"line":309,"column":8},"skip":true}]},"27":{"line":312,"type":"binary-expr","locations":[{"start":{"line":312,"column":27},"end":{"line":312,"column":43},"skip":true},{"start":{"line":312,"column":47},"end":{"line":312,"column":53},"skip":true}]},"28":{"line":316,"type":"if","locations":[{"start":{"line":316,"column":12},"end":{"line":316,"column":12},"skip":true},{"start":{"line":316,"column":12},"end":{"line":316,"column":12},"skip":true}]}},"code":["/*","example.js","","quickstart example","","instruction","    1. save this script as example.js","    2. run the shell command:","        $ npm install npmtest-fs-utils && PORT=8081 node example.js","    3. play with the browser-demo on http://127.0.0.1:8081","*/","","","","/* istanbul instrument in package npmtest_fs_utils */","/*jslint","    bitwise: true,","    browser: true,","    maxerr: 8,","    maxlen: 96,","    node: true,","    nomen: true,","    regexp: true,","    stupid: true","*/","(function () {","    'use strict';","    var local;","","","","    // run shared js-env code - pre-init","    (function () {","        // init local","        local = {};","        // init modeJs","        local.modeJs = (function () {","            try {","                return typeof navigator.userAgent === 'string' &&","                    typeof document.querySelector('body') === 'object' &&","                    typeof XMLHttpRequest.prototype.open === 'function' &&","                    'browser';","            } catch (errorCaughtBrowser) {","                return module.exports &&","                    typeof process.versions.node === 'string' &&","                    typeof require('http').createServer === 'function' &&","                    'node';","            }","        }());","        // init global","        local.global = local.modeJs === 'browser'","            ? window","            : global;","        // init utility2_rollup","        local = local.global.utility2_rollup || (local.modeJs === 'browser'","            ? local.global.utility2_npmtest_fs_utils","            : global.utility2_moduleExports);","        // export local","        local.global.local = local;","    }());","    switch (local.modeJs) {","","","","    // post-init","    // run browser js-env code - post-init","    /* istanbul ignore next */","    case 'browser':","        local.testRunBrowser = function (event) {","            if (!event || (event &&","                    event.currentTarget &&","                    event.currentTarget.className &&","                    event.currentTarget.className.includes &&","                    event.currentTarget.className.includes('onreset'))) {","                // reset output","                Array.from(","                    document.querySelectorAll('body > .resettable')","                ).forEach(function (element) {","                    switch (element.tagName) {","                    case 'INPUT':","                    case 'TEXTAREA':","                        element.value = '';","                        break;","                    default:","                        element.textContent = '';","                    }","                });","            }","            switch (event && event.currentTarget && event.currentTarget.id) {","            case 'testRunButton1':","                // show tests","                if (document.querySelector('#testReportDiv1').style.display === 'none') {","                    document.querySelector('#testReportDiv1').style.display = 'block';","                    document.querySelector('#testRunButton1').textContent =","                        'hide internal test';","                    local.modeTest = true;","                    local.testRunDefault(local);","                // hide tests","                } else {","                    document.querySelector('#testReportDiv1').style.display = 'none';","                    document.querySelector('#testRunButton1').textContent = 'run internal test';","                }","                break;","            // custom-case","            default:","                break;","            }","            if (document.querySelector('#inputTextareaEval1') && (!event || (event &&","                    event.currentTarget &&","                    event.currentTarget.className &&","                    event.currentTarget.className.includes &&","                    event.currentTarget.className.includes('oneval')))) {","                // try to eval input-code","                try {","                    /*jslint evil: true*/","                    eval(document.querySelector('#inputTextareaEval1').value);","                } catch (errorCaught) {","                    console.error(errorCaught);","                }","            }","        };","        // log stderr and stdout to #outputTextareaStdout1","        ['error', 'log'].forEach(function (key) {","            console[key + '_original'] = console[key];","            console[key] = function () {","                var element;","                console[key + '_original'].apply(console, arguments);","                element = document.querySelector('#outputTextareaStdout1');","                if (!element) {","                    return;","                }","                // append text to #outputTextareaStdout1","                element.value += Array.from(arguments).map(function (arg) {","                    return typeof arg === 'string'","                        ? arg","                        : JSON.stringify(arg, null, 4);","                }).join(' ') + '\\n';","                // scroll textarea to bottom","                element.scrollTop = element.scrollHeight;","            };","        });","        // init event-handling","        ['change', 'click', 'keyup'].forEach(function (event) {","            Array.from(document.querySelectorAll('.on' + event)).forEach(function (element) {","                element.addEventListener(event, local.testRunBrowser);","            });","        });","        // run tests","        local.testRunBrowser();","        break;","","","","    // run node js-env code - post-init","    /* istanbul ignore next */","    case 'node':","        // export local","        module.exports = local;","        // require modules","        local.fs = require('fs');","        local.http = require('http');","        local.url = require('url');","        // init assets","        local.assetsDict = local.assetsDict || {};","        /* jslint-ignore-begin */","        local.assetsDict['/assets.index.template.html'] = '\\","<!doctype html>\\n\\","<html lang=\"en\">\\n\\","<head>\\n\\","<meta charset=\"UTF-8\">\\n\\","<meta name=\"viewport\" content=\"width=device-width, initial-scale=1\">\\n\\","<title>{{env.npm_package_name}} (v{{env.npm_package_version}})</title>\\n\\","<style>\\n\\","/*csslint\\n\\","    box-sizing: false,\\n\\","    universal-selector: false\\n\\","*/\\n\\","* {\\n\\","    box-sizing: border-box;\\n\\","}\\n\\","body {\\n\\","    background: #dde;\\n\\","    font-family: Arial, Helvetica, sans-serif;\\n\\","    margin: 2rem;\\n\\","}\\n\\","body > * {\\n\\","    margin-bottom: 1rem;\\n\\","}\\n\\",".utility2FooterDiv {\\n\\","    margin-top: 20px;\\n\\","    text-align: center;\\n\\","}\\n\\","</style>\\n\\","<style>\\n\\","/*csslint\\n\\","*/\\n\\","textarea {\\n\\","    font-family: monospace;\\n\\","    height: 10rem;\\n\\","    width: 100%;\\n\\","}\\n\\","textarea[readonly] {\\n\\","    background: #ddd;\\n\\","}\\n\\","</style>\\n\\","</head>\\n\\","<body>\\n\\","<!-- utility2-comment\\n\\","<div id=\"ajaxProgressDiv1\" style=\"background: #d00; height: 2px; left: 0; margin: 0; padding: 0; position: fixed; top: 0; transition: background 0.5s, width 1.5s; width: 25%;\"></div>\\n\\","utility2-comment -->\\n\\","<h1>\\n\\","<!-- utility2-comment\\n\\","    <a\\n\\","        {{#if env.npm_package_homepage}}\\n\\","        href=\"{{env.npm_package_homepage}}\"\\n\\","        {{/if env.npm_package_homepage}}\\n\\","        target=\"_blank\"\\n\\","    >\\n\\","utility2-comment -->\\n\\","        {{env.npm_package_name}} (v{{env.npm_package_version}})\\n\\","<!-- utility2-comment\\n\\","    </a>\\n\\","utility2-comment -->\\n\\","</h1>\\n\\","<h3>{{env.npm_package_description}}</h3>\\n\\","<!-- utility2-comment\\n\\","<h4><a download href=\"assets.app.js\">download standalone app</a></h4>\\n\\","<button class=\"onclick onreset\" id=\"testRunButton1\">run internal test</button><br>\\n\\","<div id=\"testReportDiv1\" style=\"display: none;\"></div>\\n\\","utility2-comment -->\\n\\","\\n\\","\\n\\","\\n\\","<label>stderr and stdout</label>\\n\\","<textarea class=\"resettable\" id=\"outputTextareaStdout1\" readonly></textarea>\\n\\","<!-- utility2-comment\\n\\","{{#if isRollup}}\\n\\","<script src=\"assets.app.js\"></script>\\n\\","{{#unless isRollup}}\\n\\","utility2-comment -->\\n\\","<script src=\"assets.utility2.rollup.js\"></script>\\n\\","<script src=\"jsonp.utility2._stateInit?callback=window.utility2._stateInit\"></script>\\n\\","<script src=\"assets.npmtest_fs_utils.rollup.js\"></script>\\n\\","<script src=\"assets.example.js\"></script>\\n\\","<script src=\"assets.test.js\"></script>\\n\\","<!-- utility2-comment\\n\\","{{/if isRollup}}\\n\\","utility2-comment -->\\n\\","<div class=\"utility2FooterDiv\">\\n\\","    [ this app was created with\\n\\","    <a href=\"https://github.com/kaizhu256/node-utility2\" target=\"_blank\">utility2</a>\\n\\","    ]\\n\\","</div>\\n\\","</body>\\n\\","</html>\\n\\","';","        /* jslint-ignore-end */","        if (local.templateRender) {","            local.assetsDict['/'] = local.templateRender(","                local.assetsDict['/assets.index.template.html'],","                {","                    env: local.objectSetDefault(local.env, {","                        npm_package_description: 'the greatest app in the world!',","                        npm_package_name: 'my-app',","                        npm_package_nameAlias: 'my_app',","                        npm_package_version: '0.0.1'","                    })","                }","            );","        } else {","            local.assetsDict['/'] = local.assetsDict['/assets.index.template.html']","                .replace((/\\{\\{env\\.(\\w+?)\\}\\}/g), function (match0, match1) {","                    // jslint-hack","                    String(match0);","                    switch (match1) {","                    case 'npm_package_description':","                        return 'the greatest app in the world!';","                    case 'npm_package_name':","                        return 'my-app';","                    case 'npm_package_nameAlias':","                        return 'my_app';","                    case 'npm_package_version':","                        return '0.0.1';","                    }","                });","        }","        // run the cli","        if (local.global.utility2_rollup || module !== require.main) {","            break;","        }","        local.assetsDict['/assets.example.js'] =","            local.assetsDict['/assets.example.js'] ||","            local.fs.readFileSync(__filename, 'utf8');","        local.assetsDict['/assets.npmtest_fs_utils.rollup.js'] =","            local.assetsDict['/assets.npmtest_fs_utils.rollup.js'] ||","            local.fs.readFileSync(","                // buildCustomOrg-hack","                local.npmtest_fs_utils.__dirname +","                    '/lib.npmtest_fs_utils.js',","                'utf8'","            ).replace((/^#!/), '//');","        local.assetsDict['/favicon.ico'] = local.assetsDict['/favicon.ico'] || '';","        // if $npm_config_timeout_exit exists,","        // then exit this process after $npm_config_timeout_exit ms","        if (Number(process.env.npm_config_timeout_exit)) {","            setTimeout(process.exit, Number(process.env.npm_config_timeout_exit));","        }","        // start server","        if (local.global.utility2_serverHttp1) {","            break;","        }","        process.env.PORT = process.env.PORT || '8081';","        console.error('server starting on port ' + process.env.PORT);","        local.http.createServer(function (request, response) {","            request.urlParsed = local.url.parse(request.url);","            if (local.assetsDict[request.urlParsed.pathname] !== undefined) {","                response.end(local.assetsDict[request.urlParsed.pathname]);","                return;","            }","            response.statusCode = 404;","            response.end();","        }).listen(process.env.PORT);","        break;","    }","}());",""],"l":{"26":2,"28":2,"33":2,"35":2,"37":2,"38":2,"39":2,"44":1,"51":2,"55":2,"59":2,"61":2,"69":1,"70":2,"76":2,"79":2,"82":2,"83":2,"85":1,"89":2,"92":1,"93":1,"94":1,"96":1,"97":1,"100":1,"101":1,"103":1,"106":1,"108":2,"114":1,"116":1,"118":1,"123":1,"124":2,"125":2,"126":2,"127":2,"128":2,"129":2,"130":1,"133":2,"134":2,"139":2,"143":1,"144":3,"145":1,"149":1,"150":1,"158":1,"160":1,"161":1,"162":1,"164":1,"166":1,"258":1,"259":1,"271":1,"274":6,"275":6,"277":1,"279":2,"281":1,"283":2,"288":1,"289":1,"291":1,"294":1,"302":1,"305":1,"306":1,"309":1,"310":1,"312":1,"313":1,"314":1,"315":1,"316":1,"317":1,"318":1,"320":1,"321":1,"323":1}},"/home/travis/build/npmtest/node-npmtest-fs-utils/node_modules/fs-utils/index.js":{"path":"/home/travis/build/npmtest/node-npmtest-fs-utils/node_modules/fs-utils/index.js","s":{"1":1,"2":1,"3":1,"4":1,"5":1,"6":1,"7":0,"8":1,"9":0,"10":1,"11":0,"12":1,"13":0,"14":0,"15":0,"16":1,"17":0,"18":0,"19":0,"20":0,"21":1,"22":0,"23":0,"24":0,"25":0,"26":1,"27":0,"28":0,"29":0,"30":0,"31":1,"32":0,"33":0,"34":0,"35":1,"36":0,"37":0,"38":0,"39":1,"40":0,"41":1,"42":1,"43":0,"44":0,"45":0,"46":0,"47":0,"48":1,"49":0,"50":0,"51":0,"52":0,"53":0,"54":0,"55":0,"56":0,"57":0,"58":0,"59":0,"60":0,"61":1,"62":0,"63":1,"64":0,"65":1,"66":0,"67":0,"68":0,"69":0,"70":1,"71":0,"72":1,"73":0,"74":1,"75":0,"76":1,"77":0,"78":0,"79":0,"80":0,"81":0,"82":0,"83":0,"84":0,"85":1,"86":0,"87":0,"88":0,"89":0,"90":0,"91":0,"92":0,"93":1,"94":0,"95":1,"96":0,"97":1,"98":0,"99":1,"100":0,"101":1,"102":0,"103":1,"104":0,"105":1,"106":0,"107":1,"108":0,"109":1,"110":0,"111":1,"112":0,"113":0,"114":0,"115":0,"116":0,"117":0,"118":0,"119":0,"120":0,"121":0,"122":0,"123":0,"124":0,"125":0,"126":1,"127":0,"128":0,"129":0,"130":0,"131":0,"132":1,"133":0,"134":0,"135":0,"136":0,"137":0,"138":0,"139":0,"140":0,"141":0,"142":0,"143":0,"144":1,"145":0,"146":0,"147":0,"148":0,"149":0,"150":1,"151":0,"152":1,"153":0,"154":1,"155":0,"156":1,"157":0,"158":0,"159":1,"160":0,"161":0,"162":1,"163":0,"164":0,"165":1,"166":0,"167":1,"168":0,"169":0,"170":0,"171":1,"172":0,"173":1,"174":0,"175":0,"176":0,"177":1,"178":0,"179":1,"180":0,"181":1,"182":0,"183":1,"184":0,"185":0,"186":0,"187":0,"188":0,"189":0,"190":0,"191":0,"192":0,"193":0,"194":0,"195":1,"196":0,"197":0,"198":0,"199":0,"200":1,"201":0,"202":0,"203":0,"204":0,"205":0},"b":{"1":[0,0],"2":[0,0],"3":[0,0],"4":[0,0],"5":[0,0],"6":[0,0],"7":[0,0],"8":[0,0],"9":[0,0],"10":[0,0],"11":[0,0],"12":[0,0],"13":[0,0],"14":[0,0],"15":[0,0],"16":[0,0],"17":[0,0],"18":[0,0],"19":[0,0],"20":[0,0],"21":[0,0],"22":[0,0],"23":[0,0],"24":[0,0],"25":[0,0],"26":[0,0],"27":[0,0],"28":[0,0],"29":[0,0],"30":[0,0],"31":[0,0],"32":[0,0],"33":[0,0],"34":[0,0],"35":[0,0],"36":[0,0],"37":[0,0]},"f":{"1":0,"2":0,"3":0,"4":0,"5":0,"6":0,"7":0,"8":0,"9":0,"10":0,"11":0,"12":0,"13":0,"14":0,"15":0,"16":0,"17":0,"18":0,"19":0,"20":0,"21":0,"22":0,"23":0,"24":0,"25":0,"26":0,"27":0,"28":0,"29":0,"30":0,"31":0,"32":0,"33":0,"34":0,"35":0,"36":0,"37":0,"38":0,"39":0,"40":0,"41":0,"42":0,"43":0,"44":0,"45":0,"46":0,"47":0,"48":0,"49":0,"50":0,"51":0,"52":0,"53":0,"54":0,"55":0,"56":0,"57":0,"58":0,"59":0,"60":0,"61":0},"fnMap":{"1":{"name":"(anonymous_1)","line":24,"loc":{"start":{"line":24,"column":18},"end":{"line":24,"column":32}}},"2":{"name":"(anonymous_2)","line":38,"loc":{"start":{"line":38,"column":19},"end":{"line":38,"column":33}}},"3":{"name":"(anonymous_3)","line":51,"loc":{"start":{"line":51,"column":19},"end":{"line":51,"column":43}}},"4":{"name":"(anonymous_4)","line":64,"loc":{"start":{"line":64,"column":20},"end":{"line":64,"column":33}}},"5":{"name":"(anonymous_5)","line":78,"loc":{"start":{"line":78,"column":30},"end":{"line":78,"column":46}}},"6":{"name":"(anonymous_6)","line":94,"loc":{"start":{"line":94,"column":22},"end":{"line":94,"column":35}}},"7":{"name":"(anonymous_7)","line":110,"loc":{"start":{"line":110,"column":21},"end":{"line":110,"column":34}}},"8":{"name":"(anonymous_8)","line":126,"loc":{"start":{"line":126,"column":16},"end":{"line":126,"column":35}}},"9":{"name":"(anonymous_9)","line":141,"loc":{"start":{"line":141,"column":30},"end":{"line":141,"column":49}}},"10":{"name":"(anonymous_10)","line":157,"loc":{"start":{"line":157,"column":17},"end":{"line":157,"column":36}}},"11":{"name":"(anonymous_11)","line":182,"loc":{"start":{"line":182,"column":23},"end":{"line":182,"column":51}}},"12":{"name":"(anonymous_12)","line":202,"loc":{"start":{"line":202,"column":34},"end":{"line":202,"column":66}}},"13":{"name":"(anonymous_13)","line":214,"loc":{"start":{"line":214,"column":39},"end":{"line":214,"column":63}}},"14":{"name":"(anonymous_14)","line":233,"loc":{"start":{"line":233,"column":19},"end":{"line":233,"column":51}}},"15":{"name":"(anonymous_15)","line":245,"loc":{"start":{"line":245,"column":23},"end":{"line":245,"column":51}}},"16":{"name":"(anonymous_16)","line":258,"loc":{"start":{"line":258,"column":19},"end":{"line":258,"column":42}}},"17":{"name":"(anonymous_17)","line":259,"loc":{"start":{"line":259,"column":29},"end":{"line":259,"column":53}}},"18":{"name":"(anonymous_18)","line":275,"loc":{"start":{"line":275,"column":23},"end":{"line":275,"column":51}}},"19":{"name":"(anonymous_19)","line":290,"loc":{"start":{"line":290,"column":19},"end":{"line":290,"column":51}}},"20":{"name":"(anonymous_20)","line":304,"loc":{"start":{"line":304,"column":23},"end":{"line":304,"column":51}}},"21":{"name":"(anonymous_21)","line":315,"loc":{"start":{"line":315,"column":28},"end":{"line":315,"column":47}}},"22":{"name":"(anonymous_22)","line":317,"loc":{"start":{"line":317,"column":17},"end":{"line":317,"column":34}}},"23":{"name":"(anonymous_23)","line":321,"loc":{"start":{"line":321,"column":17},"end":{"line":321,"column":32}}},"24":{"name":"(anonymous_24)","line":336,"loc":{"start":{"line":336,"column":36},"end":{"line":336,"column":60}}},"25":{"name":"(anonymous_25)","line":358,"loc":{"start":{"line":358,"column":20},"end":{"line":358,"column":48}}},"26":{"name":"(anonymous_26)","line":372,"loc":{"start":{"line":372,"column":24},"end":{"line":372,"column":53}}},"27":{"name":"(anonymous_27)","line":386,"loc":{"start":{"line":386,"column":24},"end":{"line":386,"column":53}}},"28":{"name":"(anonymous_28)","line":400,"loc":{"start":{"line":400,"column":20},"end":{"line":400,"column":53}}},"29":{"name":"(anonymous_29)","line":414,"loc":{"start":{"line":414,"column":24},"end":{"line":414,"column":53}}},"30":{"name":"(anonymous_30)","line":428,"loc":{"start":{"line":428,"column":20},"end":{"line":428,"column":54}}},"31":{"name":"(anonymous_31)","line":447,"loc":{"start":{"line":447,"column":24},"end":{"line":447,"column":54}}},"32":{"name":"(anonymous_32)","line":467,"loc":{"start":{"line":467,"column":20},"end":{"line":467,"column":54}}},"33":{"name":"(anonymous_33)","line":479,"loc":{"start":{"line":479,"column":23},"end":{"line":479,"column":43}}},"34":{"name":"(anonymous_34)","line":492,"loc":{"start":{"line":492,"column":16},"end":{"line":492,"column":34}}},"35":{"name":"(anonymous_35)","line":494,"loc":{"start":{"line":494,"column":9},"end":{"line":494,"column":21}}},"36":{"name":"(anonymous_36)","line":497,"loc":{"start":{"line":497,"column":18},"end":{"line":497,"column":40}}},"37":{"name":"(anonymous_37)","line":501,"loc":{"start":{"line":501,"column":28},"end":{"line":501,"column":53}}},"38":{"name":"(anonymous_38)","line":503,"loc":{"start":{"line":503,"column":19},"end":{"line":503,"column":41}}},"39":{"name":"(anonymous_39)","line":513,"loc":{"start":{"line":513,"column":7},"end":{"line":513,"column":19}}},"40":{"name":"(anonymous_40)","line":529,"loc":{"start":{"line":529,"column":14},"end":{"line":529,"column":43}}},"41":{"name":"(anonymous_41)","line":549,"loc":{"start":{"line":549,"column":22},"end":{"line":549,"column":51}}},"42":{"name":"(anonymous_42)","line":555,"loc":{"start":{"line":555,"column":29},"end":{"line":555,"column":51}}},"43":{"name":"(anonymous_43)","line":560,"loc":{"start":{"line":560,"column":28},"end":{"line":560,"column":54}}},"44":{"name":"(anonymous_44)","line":579,"loc":{"start":{"line":579,"column":21},"end":{"line":579,"column":49}}},"45":{"name":"(anonymous_45)","line":581,"loc":{"start":{"line":581,"column":42},"end":{"line":581,"column":62}}},"46":{"name":"(anonymous_46)","line":597,"loc":{"start":{"line":597,"column":14},"end":{"line":597,"column":33}}},"47":{"name":"(anonymous_47)","line":609,"loc":{"start":{"line":609,"column":18},"end":{"line":609,"column":37}}},"48":{"name":"(anonymous_48)","line":622,"loc":{"start":{"line":622,"column":34},"end":{"line":622,"column":53}}},"49":{"name":"(anonymous_49)","line":635,"loc":{"start":{"line":635,"column":15},"end":{"line":635,"column":39}}},"50":{"name":"(anonymous_50)","line":650,"loc":{"start":{"line":650,"column":16},"end":{"line":650,"column":40}}},"51":{"name":"(anonymous_51)","line":669,"loc":{"start":{"line":669,"column":19},"end":{"line":669,"column":38}}},"52":{"name":"(anonymous_52)","line":681,"loc":{"start":{"line":681,"column":40},"end":{"line":681,"column":59}}},"53":{"name":"(anonymous_53)","line":696,"loc":{"start":{"line":696,"column":19},"end":{"line":696,"column":38}}},"54":{"name":"(anonymous_54)","line":711,"loc":{"start":{"line":711,"column":24},"end":{"line":711,"column":43}}},"55":{"name":"(anonymous_55)","line":723,"loc":{"start":{"line":723,"column":32},"end":{"line":723,"column":51}}},"56":{"name":"(anonymous_56)","line":737,"loc":{"start":{"line":737,"column":19},"end":{"line":737,"column":34}}},"57":{"name":"(anonymous_57)","line":749,"loc":{"start":{"line":749,"column":21},"end":{"line":749,"column":40}}},"58":{"name":"(anonymous_58)","line":763,"loc":{"start":{"line":763,"column":21},"end":{"line":763,"column":36}}},"59":{"name":"(anonymous_59)","line":778,"loc":{"start":{"line":778,"column":26},"end":{"line":778,"column":45}}},"60":{"name":"(anonymous_60)","line":807,"loc":{"start":{"line":807,"column":20},"end":{"line":807,"column":39}}},"61":{"name":"(anonymous_61)","line":824,"loc":{"start":{"line":824,"column":22},"end":{"line":824,"column":41}}}},"statementMap":{"1":{"start":{"line":10,"column":0},"end":{"line":10,"column":32}},"2":{"start":{"line":11,"column":0},"end":{"line":11,"column":27}},"3":{"start":{"line":12,"column":0},"end":{"line":12,"column":28}},"4":{"start":{"line":13,"column":0},"end":{"line":13,"column":33}},"5":{"start":{"line":14,"column":0},"end":{"line":14,"column":31}},"6":{"start":{"line":24,"column":0},"end":{"line":26,"column":2}},"7":{"start":{"line":25,"column":2},"end":{"line":25,"column":32}},"8":{"start":{"line":38,"column":0},"end":{"line":40,"column":2}},"9":{"start":{"line":39,"column":2},"end":{"line":39,"column":36}},"10":{"start":{"line":51,"column":0},"end":{"line":53,"column":2}},"11":{"start":{"line":52,"column":2},"end":{"line":52,"column":49}},"12":{"start":{"line":64,"column":0},"end":{"line":69,"column":2}},"13":{"start":{"line":65,"column":2},"end":{"line":67,"column":3}},"14":{"start":{"line":66,"column":4},"end":{"line":66,"column":35}},"15":{"start":{"line":68,"column":2},"end":{"line":68,"column":31}},"16":{"start":{"line":78,"column":0},"end":{"line":84,"column":2}},"17":{"start":{"line":79,"column":2},"end":{"line":79,"column":44}},"18":{"start":{"line":80,"column":2},"end":{"line":82,"column":18}},"19":{"start":{"line":81,"column":4},"end":{"line":81,"column":29}},"20":{"start":{"line":83,"column":2},"end":{"line":83,"column":15}},"21":{"start":{"line":94,"column":0},"end":{"line":100,"column":2}},"22":{"start":{"line":95,"column":2},"end":{"line":97,"column":3}},"23":{"start":{"line":96,"column":4},"end":{"line":96,"column":17}},"24":{"start":{"line":98,"column":2},"end":{"line":98,"column":37}},"25":{"start":{"line":99,"column":2},"end":{"line":99,"column":24}},"26":{"start":{"line":110,"column":0},"end":{"line":116,"column":2}},"27":{"start":{"line":111,"column":2},"end":{"line":113,"column":3}},"28":{"start":{"line":112,"column":4},"end":{"line":112,"column":17}},"29":{"start":{"line":114,"column":2},"end":{"line":114,"column":33}},"30":{"start":{"line":115,"column":2},"end":{"line":115,"column":26}},"31":{"start":{"line":126,"column":0},"end":{"line":132,"column":2}},"32":{"start":{"line":127,"column":2},"end":{"line":129,"column":3}},"33":{"start":{"line":128,"column":4},"end":{"line":128,"column":17}},"34":{"start":{"line":130,"column":2},"end":{"line":131,"column":19}},"35":{"start":{"line":141,"column":0},"end":{"line":147,"column":2}},"36":{"start":{"line":142,"column":2},"end":{"line":144,"column":3}},"37":{"start":{"line":143,"column":4},"end":{"line":143,"column":17}},"38":{"start":{"line":145,"column":2},"end":{"line":146,"column":14}},"39":{"start":{"line":157,"column":0},"end":{"line":160,"column":2}},"40":{"start":{"line":158,"column":2},"end":{"line":159,"column":22}},"41":{"start":{"line":171,"column":0},"end":{"line":171,"column":26}},"42":{"start":{"line":182,"column":0},"end":{"line":189,"column":2}},"43":{"start":{"line":183,"column":2},"end":{"line":183,"column":72}},"44":{"start":{"line":184,"column":2},"end":{"line":184,"column":53}},"45":{"start":{"line":185,"column":2},"end":{"line":187,"column":3}},"46":{"start":{"line":186,"column":4},"end":{"line":186,"column":33}},"47":{"start":{"line":188,"column":2},"end":{"line":188,"column":13}},"48":{"start":{"line":202,"column":0},"end":{"line":222,"column":2}},"49":{"start":{"line":203,"column":2},"end":{"line":206,"column":3}},"50":{"start":{"line":204,"column":4},"end":{"line":204,"column":17}},"51":{"start":{"line":205,"column":4},"end":{"line":205,"column":17}},"52":{"start":{"line":208,"column":2},"end":{"line":210,"column":3}},"53":{"start":{"line":209,"column":4},"end":{"line":209,"column":70}},"54":{"start":{"line":212,"column":2},"end":{"line":212,"column":72}},"55":{"start":{"line":214,"column":2},"end":{"line":221,"column":5}},"56":{"start":{"line":215,"column":4},"end":{"line":215,"column":28}},"57":{"start":{"line":215,"column":13},"end":{"line":215,"column":28}},"58":{"start":{"line":217,"column":4},"end":{"line":219,"column":5}},"59":{"start":{"line":218,"column":6},"end":{"line":218,"column":43}},"60":{"start":{"line":220,"column":4},"end":{"line":220,"column":22}},"61":{"start":{"line":233,"column":0},"end":{"line":235,"column":2}},"62":{"start":{"line":234,"column":2},"end":{"line":234,"column":57}},"63":{"start":{"line":245,"column":0},"end":{"line":247,"column":2}},"64":{"start":{"line":246,"column":2},"end":{"line":246,"column":62}},"65":{"start":{"line":258,"column":0},"end":{"line":264,"column":2}},"66":{"start":{"line":259,"column":2},"end":{"line":263,"column":5}},"67":{"start":{"line":260,"column":4},"end":{"line":260,"column":28}},"68":{"start":{"line":260,"column":13},"end":{"line":260,"column":28}},"69":{"start":{"line":262,"column":4},"end":{"line":262,"column":46}},"70":{"start":{"line":275,"column":0},"end":{"line":277,"column":2}},"71":{"start":{"line":276,"column":2},"end":{"line":276,"column":61}},"72":{"start":{"line":290,"column":0},"end":{"line":292,"column":2}},"73":{"start":{"line":291,"column":2},"end":{"line":291,"column":62}},"74":{"start":{"line":304,"column":0},"end":{"line":306,"column":2}},"75":{"start":{"line":305,"column":2},"end":{"line":305,"column":67}},"76":{"start":{"line":315,"column":0},"end":{"line":327,"column":2}},"77":{"start":{"line":316,"column":2},"end":{"line":316,"column":31}},"78":{"start":{"line":317,"column":2},"end":{"line":326,"column":5}},"79":{"start":{"line":318,"column":4},"end":{"line":325,"column":5}},"80":{"start":{"line":319,"column":6},"end":{"line":319,"column":25}},"81":{"start":{"line":321,"column":6},"end":{"line":324,"column":9}},"82":{"start":{"line":322,"column":8},"end":{"line":322,"column":32}},"83":{"start":{"line":322,"column":17},"end":{"line":322,"column":32}},"84":{"start":{"line":323,"column":8},"end":{"line":323,"column":27}},"85":{"start":{"line":336,"column":0},"end":{"line":347,"column":2}},"86":{"start":{"line":337,"column":2},"end":{"line":337,"column":58}},"87":{"start":{"line":338,"column":2},"end":{"line":346,"column":3}},"88":{"start":{"line":339,"column":4},"end":{"line":339,"column":42}},"89":{"start":{"line":340,"column":4},"end":{"line":345,"column":5}},"90":{"start":{"line":341,"column":6},"end":{"line":341,"column":34}},"91":{"start":{"line":343,"column":6},"end":{"line":343,"column":27}},"92":{"start":{"line":344,"column":6},"end":{"line":344,"column":34}},"93":{"start":{"line":358,"column":0},"end":{"line":360,"column":2}},"94":{"start":{"line":359,"column":2},"end":{"line":359,"column":52}},"95":{"start":{"line":372,"column":0},"end":{"line":374,"column":2}},"96":{"start":{"line":373,"column":2},"end":{"line":373,"column":57}},"97":{"start":{"line":386,"column":0},"end":{"line":388,"column":2}},"98":{"start":{"line":387,"column":2},"end":{"line":387,"column":57}},"99":{"start":{"line":400,"column":0},"end":{"line":402,"column":2}},"100":{"start":{"line":401,"column":2},"end":{"line":401,"column":52}},"101":{"start":{"line":414,"column":0},"end":{"line":416,"column":2}},"102":{"start":{"line":415,"column":2},"end":{"line":415,"column":57}},"103":{"start":{"line":428,"column":0},"end":{"line":430,"column":2}},"104":{"start":{"line":429,"column":2},"end":{"line":429,"column":52}},"105":{"start":{"line":447,"column":0},"end":{"line":449,"column":2}},"106":{"start":{"line":448,"column":2},"end":{"line":448,"column":57}},"107":{"start":{"line":467,"column":0},"end":{"line":469,"column":2}},"108":{"start":{"line":468,"column":2},"end":{"line":468,"column":52}},"109":{"start":{"line":479,"column":0},"end":{"line":481,"column":2}},"110":{"start":{"line":480,"column":2},"end":{"line":480,"column":57}},"111":{"start":{"line":492,"column":0},"end":{"line":517,"column":2}},"112":{"start":{"line":493,"column":2},"end":{"line":495,"column":3}},"113":{"start":{"line":494,"column":4},"end":{"line":494,"column":24}},"114":{"start":{"line":497,"column":2},"end":{"line":516,"column":5}},"115":{"start":{"line":498,"column":4},"end":{"line":500,"column":5}},"116":{"start":{"line":499,"column":6},"end":{"line":499,"column":21}},"117":{"start":{"line":501,"column":4},"end":{"line":515,"column":7}},"118":{"start":{"line":502,"column":6},"end":{"line":502,"column":40}},"119":{"start":{"line":503,"column":6},"end":{"line":512,"column":9}},"120":{"start":{"line":504,"column":8},"end":{"line":506,"column":9}},"121":{"start":{"line":505,"column":10},"end":{"line":505,"column":25}},"122":{"start":{"line":507,"column":8},"end":{"line":511,"column":9}},"123":{"start":{"line":508,"column":10},"end":{"line":508,"column":31}},"124":{"start":{"line":510,"column":10},"end":{"line":510,"column":31}},"125":{"start":{"line":514,"column":6},"end":{"line":514,"column":24}},"126":{"start":{"line":529,"column":0},"end":{"line":538,"column":2}},"127":{"start":{"line":530,"column":2},"end":{"line":530,"column":38}},"128":{"start":{"line":531,"column":2},"end":{"line":531,"column":35}},"129":{"start":{"line":533,"column":2},"end":{"line":537,"column":3}},"130":{"start":{"line":534,"column":4},"end":{"line":534,"column":40}},"131":{"start":{"line":536,"column":4},"end":{"line":536,"column":39}},"132":{"start":{"line":549,"column":0},"end":{"line":568,"column":2}},"133":{"start":{"line":550,"column":2},"end":{"line":553,"column":3}},"134":{"start":{"line":551,"column":4},"end":{"line":551,"column":14}},"135":{"start":{"line":552,"column":4},"end":{"line":552,"column":14}},"136":{"start":{"line":555,"column":2},"end":{"line":567,"column":5}},"137":{"start":{"line":556,"column":4},"end":{"line":559,"column":5}},"138":{"start":{"line":557,"column":6},"end":{"line":557,"column":14}},"139":{"start":{"line":558,"column":6},"end":{"line":558,"column":13}},"140":{"start":{"line":560,"column":4},"end":{"line":566,"column":11}},"141":{"start":{"line":561,"column":6},"end":{"line":563,"column":7}},"142":{"start":{"line":562,"column":8},"end":{"line":562,"column":52}},"143":{"start":{"line":565,"column":6},"end":{"line":565,"column":32}},"144":{"start":{"line":579,"column":0},"end":{"line":587,"column":2}},"145":{"start":{"line":580,"column":2},"end":{"line":580,"column":57}},"146":{"start":{"line":581,"column":2},"end":{"line":586,"column":5}},"147":{"start":{"line":582,"column":4},"end":{"line":584,"column":5}},"148":{"start":{"line":583,"column":6},"end":{"line":583,"column":50}},"149":{"start":{"line":585,"column":4},"end":{"line":585,"column":29}},"150":{"start":{"line":597,"column":0},"end":{"line":599,"column":2}},"151":{"start":{"line":598,"column":2},"end":{"line":598,"column":32}},"152":{"start":{"line":609,"column":0},"end":{"line":613,"column":2}},"153":{"start":{"line":610,"column":2},"end":{"line":612,"column":15}},"154":{"start":{"line":622,"column":0},"end":{"line":624,"column":2}},"155":{"start":{"line":623,"column":2},"end":{"line":623,"column":35}},"156":{"start":{"line":635,"column":0},"end":{"line":639,"column":2}},"157":{"start":{"line":636,"column":2},"end":{"line":636,"column":31}},"158":{"start":{"line":637,"column":2},"end":{"line":638,"column":20}},"159":{"start":{"line":650,"column":0},"end":{"line":654,"column":2}},"160":{"start":{"line":651,"column":2},"end":{"line":651,"column":31}},"161":{"start":{"line":652,"column":2},"end":{"line":653,"column":20}},"162":{"start":{"line":669,"column":0},"end":{"line":672,"column":2}},"163":{"start":{"line":670,"column":2},"end":{"line":670,"column":28}},"164":{"start":{"line":671,"column":2},"end":{"line":671,"column":27}},"165":{"start":{"line":681,"column":0},"end":{"line":683,"column":2}},"166":{"start":{"line":682,"column":2},"end":{"line":682,"column":41}},"167":{"start":{"line":696,"column":0},"end":{"line":701,"column":2}},"168":{"start":{"line":697,"column":2},"end":{"line":699,"column":3}},"169":{"start":{"line":698,"column":4},"end":{"line":698,"column":44}},"170":{"start":{"line":700,"column":2},"end":{"line":700,"column":18}},"171":{"start":{"line":711,"column":0},"end":{"line":713,"column":2}},"172":{"start":{"line":712,"column":2},"end":{"line":712,"column":47}},"173":{"start":{"line":723,"column":0},"end":{"line":727,"column":2}},"174":{"start":{"line":724,"column":2},"end":{"line":724,"column":38}},"175":{"start":{"line":725,"column":2},"end":{"line":725,"column":45}},"176":{"start":{"line":726,"column":2},"end":{"line":726,"column":38}},"177":{"start":{"line":737,"column":0},"end":{"line":739,"column":2}},"178":{"start":{"line":738,"column":2},"end":{"line":738,"column":57}},"179":{"start":{"line":749,"column":0},"end":{"line":751,"column":2}},"180":{"start":{"line":750,"column":2},"end":{"line":750,"column":51}},"181":{"start":{"line":763,"column":0},"end":{"line":765,"column":2}},"182":{"start":{"line":764,"column":2},"end":{"line":764,"column":35}},"183":{"start":{"line":778,"column":0},"end":{"line":795,"column":2}},"184":{"start":{"line":779,"column":2},"end":{"line":779,"column":36}},"185":{"start":{"line":781,"column":2},"end":{"line":781,"column":41}},"186":{"start":{"line":782,"column":2},"end":{"line":782,"column":29}},"187":{"start":{"line":783,"column":2},"end":{"line":785,"column":3}},"188":{"start":{"line":784,"column":4},"end":{"line":784,"column":17}},"189":{"start":{"line":787,"column":2},"end":{"line":787,"column":10}},"190":{"start":{"line":788,"column":2},"end":{"line":793,"column":3}},"191":{"start":{"line":789,"column":4},"end":{"line":789,"column":52}},"192":{"start":{"line":790,"column":4},"end":{"line":792,"column":5}},"193":{"start":{"line":791,"column":6},"end":{"line":791,"column":19}},"194":{"start":{"line":794,"column":2},"end":{"line":794,"column":14}},"195":{"start":{"line":807,"column":0},"end":{"line":814,"column":2}},"196":{"start":{"line":808,"column":2},"end":{"line":813,"column":3}},"197":{"start":{"line":809,"column":4},"end":{"line":809,"column":43}},"198":{"start":{"line":810,"column":4},"end":{"line":810,"column":53}},"199":{"start":{"line":812,"column":4},"end":{"line":812,"column":17}},"200":{"start":{"line":824,"column":0},"end":{"line":832,"column":2}},"201":{"start":{"line":825,"column":2},"end":{"line":831,"column":3}},"202":{"start":{"line":826,"column":4},"end":{"line":826,"column":57}},"203":{"start":{"line":827,"column":4},"end":{"line":827,"column":24}},"204":{"start":{"line":828,"column":4},"end":{"line":828,"column":58}},"205":{"start":{"line":830,"column":4},"end":{"line":830,"column":17}}},"branchMap":{"1":{"line":52,"type":"binary-expr","locations":[{"start":{"line":52,"column":30},"end":{"line":52,"column":38}},{"start":{"line":52,"column":42},"end":{"line":52,"column":47}}]},"2":{"line":65,"type":"if","locations":[{"start":{"line":65,"column":2},"end":{"line":65,"column":2}},{"start":{"line":65,"column":2},"end":{"line":65,"column":2}}]},"3":{"line":95,"type":"if","locations":[{"start":{"line":95,"column":2},"end":{"line":95,"column":2}},{"start":{"line":95,"column":2},"end":{"line":95,"column":2}}]},"4":{"line":111,"type":"if","locations":[{"start":{"line":111,"column":2},"end":{"line":111,"column":2}},{"start":{"line":111,"column":2},"end":{"line":111,"column":2}}]},"5":{"line":127,"type":"if","locations":[{"start":{"line":127,"column":2},"end":{"line":127,"column":2}},{"start":{"line":127,"column":2},"end":{"line":127,"column":2}}]},"6":{"line":142,"type":"if","locations":[{"start":{"line":142,"column":2},"end":{"line":142,"column":2}},{"start":{"line":142,"column":2},"end":{"line":142,"column":2}}]},"7":{"line":158,"type":"binary-expr","locations":[{"start":{"line":158,"column":9},"end":{"line":158,"column":25}},{"start":{"line":158,"column":29},"end":{"line":159,"column":21}}]},"8":{"line":185,"type":"if","locations":[{"start":{"line":185,"column":2},"end":{"line":185,"column":2}},{"start":{"line":185,"column":2},"end":{"line":185,"column":2}}]},"9":{"line":185,"type":"binary-expr","locations":[{"start":{"line":185,"column":6},"end":{"line":185,"column":20}},{"start":{"line":185,"column":24},"end":{"line":185,"column":48}}]},"10":{"line":203,"type":"if","locations":[{"start":{"line":203,"column":2},"end":{"line":203,"column":2}},{"start":{"line":203,"column":2},"end":{"line":203,"column":2}}]},"11":{"line":208,"type":"if","locations":[{"start":{"line":208,"column":2},"end":{"line":208,"column":2}},{"start":{"line":208,"column":2},"end":{"line":208,"column":2}}]},"12":{"line":215,"type":"if","locations":[{"start":{"line":215,"column":4},"end":{"line":215,"column":4}},{"start":{"line":215,"column":4},"end":{"line":215,"column":4}}]},"13":{"line":217,"type":"if","locations":[{"start":{"line":217,"column":4},"end":{"line":217,"column":4}},{"start":{"line":217,"column":4},"end":{"line":217,"column":4}}]},"14":{"line":217,"type":"binary-expr","locations":[{"start":{"line":217,"column":8},"end":{"line":217,"column":22}},{"start":{"line":217,"column":26},"end":{"line":217,"column":50}}]},"15":{"line":260,"type":"if","locations":[{"start":{"line":260,"column":4},"end":{"line":260,"column":4}},{"start":{"line":260,"column":4},"end":{"line":260,"column":4}}]},"16":{"line":318,"type":"if","locations":[{"start":{"line":318,"column":4},"end":{"line":318,"column":4}},{"start":{"line":318,"column":4},"end":{"line":318,"column":4}}]},"17":{"line":322,"type":"if","locations":[{"start":{"line":322,"column":8},"end":{"line":322,"column":8}},{"start":{"line":322,"column":8},"end":{"line":322,"column":8}}]},"18":{"line":337,"type":"binary-expr","locations":[{"start":{"line":337,"column":9},"end":{"line":337,"column":13}},{"start":{"line":337,"column":17},"end":{"line":337,"column":57}}]},"19":{"line":338,"type":"if","locations":[{"start":{"line":338,"column":2},"end":{"line":338,"column":2}},{"start":{"line":338,"column":2},"end":{"line":338,"column":2}}]},"20":{"line":340,"type":"if","locations":[{"start":{"line":340,"column":4},"end":{"line":340,"column":4}},{"start":{"line":340,"column":4},"end":{"line":340,"column":4}}]},"21":{"line":493,"type":"if","locations":[{"start":{"line":493,"column":2},"end":{"line":493,"column":2}},{"start":{"line":493,"column":2},"end":{"line":493,"column":2}}]},"22":{"line":498,"type":"if","locations":[{"start":{"line":498,"column":4},"end":{"line":498,"column":4}},{"start":{"line":498,"column":4},"end":{"line":498,"column":4}}]},"23":{"line":504,"type":"if","locations":[{"start":{"line":504,"column":8},"end":{"line":504,"column":8}},{"start":{"line":504,"column":8},"end":{"line":504,"column":8}}]},"24":{"line":507,"type":"if","locations":[{"start":{"line":507,"column":8},"end":{"line":507,"column":8}},{"start":{"line":507,"column":8},"end":{"line":507,"column":8}}]},"25":{"line":533,"type":"if","locations":[{"start":{"line":533,"column":2},"end":{"line":533,"column":2}},{"start":{"line":533,"column":2},"end":{"line":533,"column":2}}]},"26":{"line":550,"type":"if","locations":[{"start":{"line":550,"column":2},"end":{"line":550,"column":2}},{"start":{"line":550,"column":2},"end":{"line":550,"column":2}}]},"27":{"line":556,"type":"if","locations":[{"start":{"line":556,"column":4},"end":{"line":556,"column":4}},{"start":{"line":556,"column":4},"end":{"line":556,"column":4}}]},"28":{"line":561,"type":"if","locations":[{"start":{"line":561,"column":6},"end":{"line":561,"column":6}},{"start":{"line":561,"column":6},"end":{"line":561,"column":6}}]},"29":{"line":561,"type":"binary-expr","locations":[{"start":{"line":561,"column":10},"end":{"line":561,"column":18}},{"start":{"line":561,"column":22},"end":{"line":561,"column":51}}]},"30":{"line":582,"type":"if","locations":[{"start":{"line":582,"column":4},"end":{"line":582,"column":4}},{"start":{"line":582,"column":4},"end":{"line":582,"column":4}}]},"31":{"line":610,"type":"cond-expr","locations":[{"start":{"line":611,"column":6},"end":{"line":611,"column":28}},{"start":{"line":612,"column":6},"end":{"line":612,"column":14}}]},"32":{"line":637,"type":"binary-expr","locations":[{"start":{"line":637,"column":21},"end":{"line":637,"column":24}},{"start":{"line":637,"column":28},"end":{"line":637,"column":29}}]},"33":{"line":652,"type":"binary-expr","locations":[{"start":{"line":652,"column":19},"end":{"line":652,"column":22}},{"start":{"line":652,"column":26},"end":{"line":652,"column":27}}]},"34":{"line":697,"type":"if","locations":[{"start":{"line":697,"column":2},"end":{"line":697,"column":2}},{"start":{"line":697,"column":2},"end":{"line":697,"column":2}}]},"35":{"line":783,"type":"if","locations":[{"start":{"line":783,"column":2},"end":{"line":783,"column":2}},{"start":{"line":783,"column":2},"end":{"line":783,"column":2}}]},"36":{"line":790,"type":"if","locations":[{"start":{"line":790,"column":4},"end":{"line":790,"column":4}},{"start":{"line":790,"column":4},"end":{"line":790,"column":4}}]},"37":{"line":790,"type":"binary-expr","locations":[{"start":{"line":790,"column":8},"end":{"line":790,"column":18}},{"start":{"line":790,"column":22},"end":{"line":790,"column":37}}]}},"code":["/*!"," * fs-utils <https://github.com/assemble/fs-utils>"," *"," * Copyright (c) 2014-2015 Jon Schlinkert, Brian Woodward."," * Licensed under the MIT license."," */","","'use strict';","","var fs = require('graceful-fs');","var path = require('path');","var EOL = require('os').EOL;","var EOLre = new RegExp(EOL, 'g');","var utils = require('./utils');","","/**"," * Strip carriage returns from a string."," *"," * @param  {String} `str`"," * @return {String}"," * @api public"," */","","exports.stripCR = function(str) {","  return str.replace(/\\r/g, '');","
[...]
ction} `callback`"," * @api public"," */","","var readFile = exports.readFile = function(filepath, options, cb) {","  if (typeof options === 'function') {","    cb = options;","    options = {};","  }","","  if (typeof cb !== 'function') {","    throw new TypeError('readfile expects callback to be a function');","  }","","  var opts = utils.extend({normalize: true, encoding: 'utf8'}, options);","","  fs.readFile(filepath, opts.encoding, function (err, content) {","    if (err) return cb(err);","","    if (opts.normalize && opts.encoding === 'utf8') {","      content = exports.normalize(content);","    }","    cb(null, content);","  });","};","","/**"," * Read a YAML file asynchronously and parse its contents as JSON."," *"," * @param  {String} `filepath`"," * @return {Object} `options`"," * @return {Function} `cb` Callback function"," * @api public"," */","","exports.readYAML = function(filepath, options, cb) {","  return utils.readYaml.apply(utils.readYaml, arguments);","};","","/**"," * Read a YAML file synchronously and parse its contents as JSON"," *"," * @param  {String} `filepath`"," * @return {Object}"," * @api public"," */","","exports.readYAMLSync = function(filepath, options) {","  return utils.readYaml.sync.apply(utils.readYaml, arguments);","};","","/**"," * Read JSON file asynchronously and parse contents as JSON"," *"," * @param  {String} `filepath`"," * @param  {Function} `callback`"," * @return {Object}"," * @api public"," */","","exports.readJSON = function(filepath, cb) {","  exports.readFile(filepath, function(err, contents) {","    if (err) return cb(err);","","    cb(null, JSON.parse(contents.toString()));","  });","};","","/**"," * Read a file synchronously and parse contents as JSON."," * marks."," *"," * @param  {String} `filepath`"," * @return {Object}"," * @api public"," */","","exports.readJSONSync = function(filepath, options) {","  return JSON.parse(exports.readFileSync(filepath, options));","};","","/**"," * Read JSON or YAML utils.async. Determins the reader automatically"," * based on file extension."," *"," * @param  {String} `filepath`"," * @param  {Object} `options`"," * @param  {Function} `callback`"," * @return {String}"," * @api public"," */","","exports.readData = function(filepath, options, cb) {","  return utils.readData.data.apply(utils.readData, arguments);","};","","/**"," * Read JSON or utils.YAML. Determins the reader automatically"," * based on file extension."," *"," * @param  {String} `filepath`"," * @param  {Object} `options`"," * @return {String}"," * @api public"," */","","exports.readDataSync = function(filepath, options) {","  return utils.readData.data.sync.apply(utils.readData, arguments);","};","","/**"," * Asynchronously create dirs and any intermediate dirs"," * don't exist."," *"," * @param  {String} `dirpath`"," */","","var mkdir = exports.mkdir = function(dest, cb) {","  var dir = path.dirname(dest);","  fs.exists(dir, function (exist) {","    if (exist) {","      fs.mkdir(dest, cb);","    } else {","      mkdir(dir, function (err) {","        if (err) return cb(err);","        fs.mkdir(dest, cb);","      });","    }","  });","};","","/**"," * Synchronously create dirs and any intermediate dirs"," * don't exist."," *"," * @param  {String} `dirpath`"," */","","var mkdirSync = exports.mkdirSync = function(dirpath, mode) {","  mode = mode || parseInt('0777', 8) & (~process.umask());","  if (!exists(dirpath)) {","    var parentDir = path.dirname(dirpath);","    if (exists(parentDir)) {","      fs.mkdirSync(dirpath, mode);","    } else {","      mkdirSync(parentDir);","      fs.mkdirSync(dirpath, mode);","    }","  }","};","","/**"," * Asynchronously write a file to disk."," *"," * @param  {String} `dest`"," * @param  {String} `content`"," * @param  {Function} `callback`"," * @api public"," */","","exports.writeFile = function(dest, content, cb) {","  utils.writeFile.apply(utils.writeFile, arguments);","};","","/**"," * Synchronously write files to disk, creating any"," * intermediary directories if they don't exist."," *"," * @param  {String} `dest`"," * @param  {String} `str`"," * @param  {Options} `options`"," * @api public"," */","","exports.writeFileSync = function(dest, str, options) {","  utils.writeFile.sync.apply(utils.writeFile, arguments);","};","","/**"," * Synchronously write JSON to disk, creating any"," * intermediary directories if they don't exist."," *"," * @param  {String} `dest`"," * @param  {String} `str`"," * @param  {Options} `options`"," * @api public"," */","","exports.writeJSONSync = function(dest, str, options) {","  utils.writeJson.sync.apply(utils.writeJson, arguments);","};","","/**"," * Asynchronously write files to disk, creating any"," * intermediary directories if they don't exist."," *"," * @param  {String} `dest`"," * @param  {String} `str`"," * @param  {Options} `options`"," * @api public"," */","","exports.writeJSON = function(dest, str, options, cb) {","  utils.writeJson.apply(utils.writeJson, arguments);","};","","/**"," * Synchronously write YAML to disk, creating any"," * intermediary directories if they don't exist."," *"," * @param  {String} `dest`"," * @param  {String} `str`"," * @param  {Options} `options`"," * @api public"," */","","exports.writeYAMLSync = function(dest, str, options) {","  utils.writeYaml.sync.apply(utils.writeYaml, arguments);","};","","/**"," * Aynchronously write YAML to disk, creating any"," * intermediary directories if they don't exist."," *"," * @param  {String} `dest`"," * @param  {String} `str`"," * @param  {Options} `options`"," * @api public"," */","","exports.writeYAML = function(dest, data, options, cb) {","  utils.writeYaml.apply(utils.writeYaml, arguments);","};","","/**"," * Synchronously write JSON or YAML to disk, creating any"," * intermediary directories if they don't exist. Data"," * type is determined by the `dest` file extension."," *"," * ```js"," * writeDataSync('foo.yml', {foo: \"bar\"});"," * ```"," *"," * @param  {String} `dest`"," * @param  {String} `str`"," * @param  {Options} `options`"," * @api public"," */","","exports.writeDataSync = function(dest, data, options) {","  utils.writeData.sync.apply(utils.writeData, arguments);","};","","/**"," * Asynchronously write JSON or YAML to disk, creating any"," * intermediary directories if they don't exist. Data"," * type is determined by the `dest` file extension."," *"," * ```js"," * writeData('foo.yml', {foo: \"bar\"});"," * ```"," *"," * @param  {String} `dest`"," * @param  {String} `data`"," * @param  {Options} `options`"," * @param  {Function} `cb` Callback function"," * @api public"," */","","exports.writeData = function(dest, data, options, cb) {","  utils.writeData.apply(utils.writeData, arguments);","};","","/**"," * Copy files synchronously;"," *"," * @param  {String} `src`"," * @param  {String} `dest`"," * @api public"," */","","exports.copyFileSync = function(src, dest) {","  exports.writeFileSync(dest, exports.readFileSync(src));","};","","/**"," * Asynchronously remove dirs and child dirs that exist."," *"," * @param  {String} `dir`"," * @param  {Function} `cb"," * @return {Function}"," * @api public"," */","","exports.rmdir = function(dir, cb) {","  if (typeof cb !== 'function') {","    cb = function () {};","  }","","  fs.readdir(dir, function (err, files) {","    if (err) {","      return cb(err);","    }","    utils.async.each(files, function (segment, next) {","      var dir = path.join(dir, segment);","      fs.stat(dir, function (err, stats) {","        if (err) {","          return cb(err);","        }","        if (stats.isDirectory()) {","          utils.del(dir, next);","        } else {","          fs.unlink(dir, next);","        }","      });","    }, function () {","      fs.rmdir(dir, cb);","    });","  });","};","","/**"," * Delete folders and files recursively. Pass a callback"," * as the last argument to use utils.async."," *"," * @param  {String} `patterns` Glob patterns to use."," * @param  {Object} `options` Options for matched."," * @param  {Function} `cb`"," * @api public"," */","","exports.del = function(patterns, opts, cb) {","  var args = [].slice.call(arguments);","  var last = args[args.length - 1];","","  if (typeof last === 'function') {","    exports.deleteAsync(patterns, opts);","  } else {","    exports.deleteSync(patterns, opts);","  }","};","","/**"," * Asynchronously delete folders and files."," *"," * @param  {String} `patterns` Glob patterns to use."," * @param  {String} `opts` Options for matched."," * @param  {Function} `cb`"," * @api private"," */","","exports.deleteAsync = function(patterns, opts, cb) {","  if (typeof opts !== 'object') {","    cb = opts;","    opts = {};","  }","","  utils.glob(patterns, opts, function (err, files) {","    if (err) {","      cb(err);","      return;","    }","    utils.async.each(files, function (filepath, next) {","      if (opts.cwd && !exports.isAbsolute(filepath)) {","        filepath = path.resolve(opts.cwd, filepath);","      }","","      utils.del(filepath, next);","    }, cb);","  });","};","","/**"," * Synchronously delete folders and files."," *"," * @param  {String} `patterns` Glob patterns to use."," * @param  {Object} `options` Options for matched."," * @param  {Function} `cb`"," * @api private"," */","","exports.deleteSync = function(patterns, options) {","  var opts = utils.extend({cwd: process.cwd()}, options);","  utils.glob.sync(patterns, opts).forEach(function (filepath) {","    if (opts.cwd) {","      filepath = path.resolve(opts.cwd, filepath);","    }","    utils.del.sync(filepath);","  });","};","","/**"," * Return the file extension."," *"," * @param  {String} `filepath`"," * @return {String}"," * @api public"," */","","exports.ext = function(filepath) {","  return path.extname(filepath);","};","","/**"," * Directory path excluding filename."," *"," * @param  {String} `filepath`"," * @return {String}"," * @api public"," */","","exports.dirname = function(filepath) {","  return isFile(filepath)","    ? path.dirname(filepath)","    : filepath;","};","","/**"," * Return an array of path segments."," *"," * @param  {String} `filepath`"," * @return {Array}"," */","","var segments = exports.segments = function(filepath) {","  return filepath.split(/[\\\\\\/]/g);","};","","/**"," * The last `n` segments of a filepath. If a number"," * isn't passed for `n`, the last segment is returned."," *"," * @param  {String} `filepath`"," * @return {String}"," * @api public"," */","","exports.last = function(filepath, num) {","  var seg = segments(filepath);","  return seg.slice(-(num || 1))","    .join(path.sep);","};","","/**"," * The first `n` segments of a filepath. If a number"," * isn't passed for `n`, the first segment is returned."," *"," * @param  {String} `filepath`"," * @return {String}"," * @api public"," */","","exports.first = function(filepath, num) {","  var seg = segments(filepath);","  return seg.slice(num || 1)","    .join(path.sep);","};","","/**"," * Returns the last character in `filepath`"," *"," * ```"," * lastChar('foo/bar/baz/');"," * //=> '/'"," * ```"," *"," * @param  {String} `filepath`"," * @return {String}"," * @api public"," */","","exports.lastChar = function(filepath) {","  var len = filepath.length;","  return filepath[len - 1];","};","","/**"," * Remove a trailing slash from a filepath"," *"," * @param  {String} `filepath`"," * @return {String}"," */","","var removeSlash = exports.removeSlash = function(filepath) {","  return filepath.replace(/[\\\\\\/]$/, '');","};","","/**"," * Add a trailing slash to the filepath."," *"," * Note, this does _not_ consult the file system"," * to check if the filepath is file or a directory."," *"," * @param  {String} `filepath`"," * @return {String}"," * @api public"," */","","exports.addSlash = function(filepath) {","  if (!/\\./.test(path.basename(filepath))) {","    return removeSlash(filepath) + path.sep;","  }","  return filepath;","};","","/**"," * Normalize a filepath and remove trailing slashes."," *"," * @param  {String} `filepath`"," * @return {String}"," * @api public"," */","","exports.normalizePath = function(filepath) {","  return removeSlash(path.normalize(filepath));","};","","/**"," * Resolve a filepath, also normalizes and removes"," * trailing slashes."," *"," * @param  {String} `filepath`"," * @return {String}"," */","","var resolve = exports.resolve = function(filepath) {","  var args = [].slice.call(arguments);","  var paths = path.resolve.apply(path, args);","  return exports.normalizePath(paths);","};","","/**"," * Resolve the relative path from `a` to `b."," *"," * @param  {String} `filepath`"," * @return {String}"," * @api public"," */","","exports.relative = function(a, b) {","  return utils.relative.apply(utils.relative, arguments);","};","","/**"," * Return `true` if the path is absolute."," *"," * @param  {[type]}  filepath"," * @return {Boolean}"," * @api public"," */","","exports.isAbsolute = function(filepath) {","  return utils.isAbs.apply(utils.isAbs, arguments);","};","","/**"," * Return `true` if path `a` is the same as path `b."," *"," * @param  {String} `filepath`"," * @param  {String} `a`"," * @param  {String} `b`"," * @return {Boolean}"," * @api public"," */","","exports.equivalent = function(a, b) {","  return resolve(a) === resolve(b);","};","","/**"," * True if descendant path(s) contained within ancestor path."," * Note: does not test if paths actually exist."," *"," * Sourced from [Grunt]."," *"," * @param  {String} `ancestor` The starting path."," * @return {Boolean}"," * @api public"," */","","exports.doesPathContain = function(ancestor) {","  ancestor = path.resolve(ancestor);","","  var args = [].slice.call(arguments, 1);","  var len = arguments.length;","  if (len === 0) {","    return false;","  }","","  var rel;","  for (var i = 0; i < len; i++) {","    rel = path.relative(resolve(args[i]), ancestor);","    if (rel === '' || /\\w+/.test(rel)) {","      return false;","    }","  }","  return true;","};","","/**"," * True if a filepath is the CWD."," *"," * Sourced from [Grunt]."," *"," * @param  {String} `filepath`"," * @return {Boolean}"," * @api public"," */","","exports.isPathCwd = function(filepath) {","  try {","    var actual = fs.realpathSync(filepath);","    return exports.equivalent(process.cwd(), actual);","  } catch (err) {","    return false;","  }","};","","/**"," * True if a filepath is contained within the CWD."," *"," * @param  {String} `filepath`"," * @return {Boolean}"," * @api public"," */","","exports.isPathInCwd = function(filepath) {","  try {","    var actual = fs.realpathSync(path.resolve(filepath));","    console.log(actual);","    return exports.doesPathContain(process.cwd(), actual);","  } catch (err) {","    return false;","  }","};",""],"l":{"10":1,"11":1,"12":1,"13":1,"14":1,"24":1,"25":0,"38":1,"39":0,"51":1,"52":0,"64":1,"65":0,"66":0,"68":0,"78":1,"79":0,"80":0,"81":0,"83":0,"94":1,"95":0,"96":0,"98":0,"99":0,"110":1,"111":0,"112":0,"114":0,"115":0,"126":1,"127":0,"128":0,"130":0,"141":1,"142":0,"143":0,"145":0,"157":1,"158":0,"171":1,"182":1,"183":0,"184":0,"185":0,"186":0,"188":0,"202":1,"203":0,"204":0,"205":0,"208":0,"209":0,"212":0,"214":0,"215":0,"217":0,"218":0,"220":0,"233":1,"234":0,"245":1,"246":0,"258":1,"259":0,"260":0,"262":0,"275":1,"276":0,"290":1,"291":0,"304":1,"305":0,"315":1,"316":0,"317":0,"318":0,"319":0,"321":0,"322":0,"323":0,"336":1,"337":0,"338":0,"339":0,"340":0,"341":0,"343":0,"344":0,"358":1,"359":0,"372":1,"373":0,"386":1,"387":0,"400":1,"401":0,"414":1,"415":0,"428":1,"429":0,"447":1,"448":0,"467":1,"468":0,"479":1,"480":0,"492":1,"493":0,"494":0,"497":0,"498":0,"499":0,"501":0,"502":0,"503":0,"504":0,"505":0,"507":0,"508":0,"510":0,"514":0,"529":1,"530":0,"531":0,"533":0,"534":0,"536":0,"549":1,"550":0,"551":0,"552":0,"555":0,"556":0,"557":0,"558":0,"560":0,"561":0,"562":0,"565":0,"579":1,"580":0,"581":0,"582":0,"583":0,"585":0,"597":1,"598":0,"609":1,"610":0,"622":1,"623":0,"635":1,"636":0,"637":0,"650":1,"651":0,"652":0,"669":1,"670":0,"671":0,"681":1,"682":0,"696":1,"697":0,"698":0,"700":0,"711":1,"712":0,"723":1,"724":0,"725":0,"726":0,"737":1,"738":0,"749":1,"750":0,"763":1,"764":0,"778":1,"779":0,"781":0,"782":0,"783":0,"784":0,"787":0,"788":0,"789":0,"790":0,"791":0,"794":0,"807":1,"808":0,"809":0,"810":0,"812":0,"824":1,"825":0,"826":0,"827":0,"828":0,"830":0}},"/home/travis/build/npmtest/node-npmtest-fs-utils/node_modules/fs-utils/utils.js":{"path":"/home/travis/build/npmtest/node-npmtest-fs-utils/node_modules/fs-utils/utils.js","s":{"1":1,"2":1,"3":1,"4":1,"5":1,"6":1,"7":1,"8":1,"9":1,"10":1,"11":1,"12":1,"13":1,"14":1,"15":1,"16":1,"17":1,"18":1,"19":1,"20":1,"21":0,"22":0,"23":0,"24":1},"b":{},"f":{"1":0},"fnMap":{"1":{"name":"(anonymous_1)","line":53,"loc":{"start":{"line":53,"column":16},"end":{"line":53,"column":29}}}},"statementMap":{"1":{"start":{"line":7,"column":0},"end":{"line":7,"column":43}},"2":{"start":{"line":20,"column":0},"end":{"line":20,"column":17}},"3":{"start":{"line":21,"column":0},"end":{"line":21,"column":16}},"4":{"start":{"line":27,"column":0},"end":{"line":27,"column":17}},"5":{"start":{"line":28,"column":0},"end":{"line":28,"column":25}},"6":{"start":{"line":29,"column":0},"end":{"line":29,"column":27}},"7":{"start":{"line":30,"column":0},"end":{"line":30,"column":36}},"8":{"start":{"line":31,"column":0},"end":{"line":31,"column":32}},"9":{"start":{"line":32,"column":0},"end":{"line":32,"column":39}},"10":{"start":{"line":33,"column":0},"end":{"line":33,"column":30}},"11":{"start":{"line":34,"column":0},"end":{"line":34,"column":29}},"12":{"start":{"line":35,"column":0},"end":{"line":35,"column":27}},"13":{"start":{"line":36,"column":0},"end":{"line":36,"column":21}},"14":{"start":{"line":37,"column":0},"end":{"line":37,"column":21}},"15":{"start":{"line":38,"column":0},"end":{"line":38,"column":22}},"16":{"start":{"line":39,"column":0},"end":{"line":39,"column":22}},"17":{"start":{"line":40,"column":0},"end":{"line":40,"column":22}},"18":{"start":{"line":41,"column":0},"end":{"line":41,"column":20}},"19":{"start":{"line":47,"column":0},"end":{"line":47,"column":13}},"20":{"start":{"line":53,"column":0},"end":{"line":58,"column":2}},"21":{"start":{"line":54,"column":2},"end":{"line":56,"column":18}},"22":{"start":{"line":55,"column":4},"end":{"line":55,"column":27}},"23":{"start":{"line":57,"column":2},"end":{"line":57,"column":14}},"24":{"start":{"line":64,"column":0},"end":{"line":64,"column":23}}},"branchMap":{},"code":["'use strict';","","/**"," * Module dependencies"," */","","var utils = require('lazy-cache')(require);","","/**"," * Temporarily re-assign `require` to trick browserify and"," * webpack into reconizing lazy dependencies."," *"," * This tiny bit of ugliness has the huge dual advantage of"," * only loading modules that are actually called at some"," * point in the lifecycle of the application, whilst also"," * allowing browserify and webpack to find modules that"," * are depended on but never actually called."," */","","var fn = require;","require = utils;","","/**"," * Lazily required module dependencies"," */","","require('async');","require('delete', 'del');","require('js-yaml', 'YAML');","require('extend-shallow', 'extend');","require('is-absolute', 'isAbs');","require('normalize-path', 'normalize');","require('write', 'writeFile');","require('kind-of', 'typeOf');","require('matched', 'glob');","require('read-data');","require('read-yaml');","require('write-json');","require('write-yaml');","require('write-data');","require('relative');","","/**"," * Restore `require`"," */","","require = fn;","","/**"," * Utils"," */","","utils.tryStat = function(fp) {","  try {","    return fs.statSync(fp);","  } catch (err) {}","  return null;","};","","/**"," * Expose `utils` modules"," */","","module.exports = utils;",""],"l":{"7":1,"20":1,"21":1,"27":1,"28":1,"29":1,"30":1,"31":1,"32":1,"33":1,"34":1,"35":1,"36":1,"37":1,"38":1,"39":1,"40":1,"41":1,"47":1,"53":1,"54":0,"55":0,"57":0,"64":1}}}